2023-02-20 18:50:09.041 [info] Reading sessions from keychain...
2023-02-20 18:50:09.041 [info] Getting sessions for read:user...
2023-02-20 18:50:09.041 [info] Got stored sessions!
2023-02-20 18:50:09.041 [info] Got 1 verified sessions.
2023-02-20 18:50:09.041 [info] Got 1 sessions for read:user...
2023-02-20 18:50:09.041 [info] Getting sessions for repo...
2023-02-20 18:50:09.041 [info] Got 0 sessions for repo...
2023-02-20 18:50:09.307 [info] Getting sessions for all scopes...
2023-02-20 18:50:09.307 [info] Got 1 sessions for ...
2023-02-20 18:50:09.369 [info] Getting sessions for user:email...
2023-02-20 18:50:09.369 [info] Got 0 sessions for user:email...
2023-02-20 18:50:09.423 [info] Getting sessions for all scopes...
2023-02-20 18:50:09.423 [info] Got 1 sessions for ...
2023-02-20 18:50:10.172 [info] Getting user info...
2023-02-20 18:50:10.499 [info] Got account info!
2023-02-20 19:15:09.744 [info] Getting sessions for read:user...
2023-02-20 19:15:09.745 [info] Got 1 sessions for read:user...
2023-02-20 19:40:10.175 [info] Getting sessions for read:user...
2023-02-20 19:40:10.175 [info] Got 1 sessions for read:user...
2023-02-20 20:05:10.648 [info] Getting sessions for read:user...
2023-02-20 20:05:10.648 [info] Got 1 sessions for read:user...
