2023-02-19 18:49:46.397 [info] Added views:workbench.panel.markers.view in workbench.panel.markers
2023-02-19 18:49:46.397 [info] Added views:workbench.panel.output in workbench.panel.output
2023-02-19 18:49:46.397 [info] Added views:terminal in terminal
2023-02-19 18:49:46.397 [info] Added views:outline in workbench.view.explorer
2023-02-19 18:49:46.397 [info] Added views:workbench.scm in workbench.view.scm
2023-02-19 18:49:46.397 [info] Added views:workbench.view.search in workbench.view.search
2023-02-19 18:49:46.397 [info] Added views:timeline in workbench.view.explorer
2023-02-19 18:49:46.397 [info] Added views:workbench.explorer.fileView in workbench.view.explorer
2023-02-19 18:49:46.539 [info] Added views:mongoDBConnectionExplorer,mongoDBPlaygroundsExplorer,mongoDBHelpExplorer in workbench.view.extension.mongoDB
2023-02-19 18:49:46.539 [info] Added views:dockerContainers,dockerImages,dockerRegistries,dockerNetworks,dockerVolumes,vscode-docker.views.dockerContexts,vscode-docker.views.help in workbench.view.extension.dockerView
2023-02-19 18:49:46.539 [info] Added views:cell-tag in workbench.view.extension.jupyter
2023-02-19 18:49:46.639 [info] Added views:workbench.debug.variablesView,workbench.debug.watchExpressionsView,workbench.debug.callStackView,workbench.debug.breakPointsView in workbench.view.debug
2023-02-19 18:49:46.752 [info] Added views:workbench.panel.repl.view in workbench.panel.repl
2023-02-19 20:04:59.056 [info] Added views:workbench.views.extensions.installed,workbench.views.extensions.popular,extensions.recommendedList in workbench.view.extensions
2023-02-19 20:04:59.059 [info] Removed views:workbench.views.extensions.popular from workbench.view.extensions
2023-02-19 20:05:01.267 [info] Removed views:extensions.recommendedList,workbench.views.extensions.installed from workbench.view.extensions
2023-02-19 20:05:01.304 [info] Added views:workbench.views.extensions.marketplace in workbench.view.extensions
2023-02-19 20:05:16.058 [info] Added views:gitlens.views.home in workbench.view.extension.gitlens
2023-02-19 20:05:16.059 [info] Added views:gitlens.views.commits,gitlens.views.commitDetails,gitlens.views.fileHistory,gitlens.views.branches,gitlens.views.remotes,gitlens.views.stashes,gitlens.views.tags,gitlens.views.searchAndCompare in workbench.view.scm
2023-02-19 20:05:16.255 [info] Added views:gitlens.views.timeline in workbench.view.extension.gitlensPanel
2023-02-19 20:05:16.257 [info] Added views:gitlens.views.worktrees in workbench.view.scm
2023-02-19 20:05:43.531 [info] Added views:workbench.panel.markers.view in workbench.panel.markers
2023-02-19 20:05:43.531 [info] Added views:workbench.panel.output in workbench.panel.output
2023-02-19 20:05:43.531 [info] Added views:terminal in terminal
2023-02-19 20:05:43.531 [info] Added views:outline in workbench.view.explorer
2023-02-19 20:05:43.531 [info] Added views:workbench.scm in workbench.view.scm
2023-02-19 20:05:43.531 [info] Added views:workbench.view.search in workbench.view.search
2023-02-19 20:05:43.531 [info] Added views:timeline in workbench.view.explorer
2023-02-19 20:05:43.531 [info] Added views:workbench.explorer.fileView in workbench.view.explorer
2023-02-19 20:05:43.624 [info] Added views:workbench.debug.variablesView,workbench.debug.watchExpressionsView,workbench.debug.callStackView,workbench.debug.breakPointsView in workbench.view.debug
2023-02-19 20:05:43.726 [info] Added views:mongoDBConnectionExplorer,mongoDBPlaygroundsExplorer,mongoDBHelpExplorer in workbench.view.extension.mongoDB
2023-02-19 20:05:43.727 [info] Added views:dockerContainers,dockerImages,dockerRegistries,dockerNetworks,dockerVolumes,vscode-docker.views.dockerContexts,vscode-docker.views.help in workbench.view.extension.dockerView
2023-02-19 20:05:43.727 [info] Added views:cell-tag in workbench.view.extension.jupyter
2023-02-19 20:05:43.877 [info] Added views:workbench.panel.repl.view in workbench.panel.repl
2023-02-19 20:05:45.002 [info] Added views:workbench.views.extensions.installed,extensions.recommendedList in workbench.view.extensions
2023-02-19 20:05:52.419 [info] Removed views:extensions.recommendedList,workbench.views.extensions.installed from workbench.view.extensions
2023-02-19 20:05:52.464 [info] Added views:workbench.views.extensions.marketplace in workbench.view.extensions
2023-02-19 20:06:01.868 [info] Added views:gitlens.views.commits,gitlens.views.fileHistory,gitlens.views.branches,gitlens.views.remotes,gitlens.views.stashes,gitlens.views.tags,gitlens.views.searchAndCompare in workbench.view.scm
2023-02-19 20:06:01.989 [info] Added views:gitlens.views.welcome in workbench.view.extension.gitlens
