2023-02-20 18:50:08.342 [info] Log level: Info
2023-02-20 18:50:08.342 [info] Validating found git in: "git"
2023-02-20 18:50:08.342 [info] Using git "2.39.2" from "git"
2023-02-20 18:50:08.342 [info] > git rev-parse --show-toplevel [1ms]
2023-02-20 18:50:08.342 [info] > git rev-parse --git-dir --git-common-dir [1ms]
2023-02-20 18:50:08.342 [info] Open repository: /home/aarni/huhuu-dev
2023-02-20 18:50:08.342 [info] > git config --get commit.template [3ms]
2023-02-20 18:50:08.342 [info] > git rev-parse --show-toplevel [7ms]
2023-02-20 18:50:08.342 [info] > git rev-parse --show-toplevel [3ms]
2023-02-20 18:50:08.342 [info] > git rev-parse --show-toplevel [6ms]
2023-02-20 18:50:08.342 [info] > git rev-parse --show-toplevel [1ms]
2023-02-20 18:50:08.342 [info] > git for-each-ref --format=%(refname)%00%(upstream:short)%00%(objectname)%00%(upstream:track)%00%(upstream:remotename)%00%(upstream:remoteref) refs/heads/main refs/remotes/main [8ms]
2023-02-20 18:50:08.342 [info] > git status -z -uall [7ms]
2023-02-20 18:50:08.342 [info] > git for-each-ref --sort -committerdate --format %(refname) %(objectname) %(*objectname) [4ms]
2023-02-20 18:50:08.342 [info] > git rev-parse --show-toplevel [15ms]
2023-02-20 18:50:08.342 [info] > git rev-parse --show-toplevel [158ms]
2023-02-20 18:50:08.623 [info] > git check-ignore -v -z --stdin [5ms]
2023-02-20 18:50:09.554 [info] > git show --textconv :src/layouts/NewsLayout.astro [7ms]
2023-02-20 18:50:09.555 [info] > git ls-files --stage -- /home/aarni/huhuu-dev/src/layouts/NewsLayout.astro [1ms]
2023-02-20 18:50:09.561 [info] > git cat-file -s 3ae45c91a21582af02f9fcaad14c7f128f5f8f56 [1ms]
2023-02-20 18:52:33.440 [info] > git show --textconv :src/components/Navigation.astro [5ms]
2023-02-20 18:52:33.441 [info] > git ls-files --stage -- /home/aarni/huhuu-dev/src/components/Navigation.astro [1ms]
2023-02-20 18:52:33.444 [info] > git cat-file -s 60b5c024b02c52df03570e2f5d6ec6b33953c032 [1ms]
2023-02-20 19:00:31.223 [info] > git config --get commit.template [1ms]
2023-02-20 19:00:31.231 [info] > git for-each-ref --format=%(refname)%00%(upstream:short)%00%(objectname)%00%(upstream:track)%00%(upstream:remotename)%00%(upstream:remoteref) refs/heads/main refs/remotes/main [1ms]
2023-02-20 19:00:31.243 [info] > git status -z -uall [7ms]
2023-02-20 19:00:31.244 [info] > git for-each-ref --sort -committerdate --format %(refname) %(objectname) %(*objectname) [1ms]
2023-02-20 19:02:00.128 [info] > git config --get commit.template [8ms]
2023-02-20 19:02:00.128 [info] > git for-each-ref --format=%(refname)%00%(upstream:short)%00%(objectname)%00%(upstream:track)%00%(upstream:remotename)%00%(upstream:remoteref) refs/heads/main refs/remotes/main [1ms]
2023-02-20 19:02:00.142 [info] > git status -z -uall [6ms]
2023-02-20 19:02:00.143 [info] > git for-each-ref --sort -committerdate --format %(refname) %(objectname) %(*objectname) [0ms]
2023-02-20 19:02:21.593 [info] > git config --get commit.template [0ms]
2023-02-20 19:02:21.599 [info] > git for-each-ref --format=%(refname)%00%(upstream:short)%00%(objectname)%00%(upstream:track)%00%(upstream:remotename)%00%(upstream:remoteref) refs/heads/main refs/remotes/main [1ms]
2023-02-20 19:02:21.612 [info] > git status -z -uall [6ms]
2023-02-20 19:02:21.613 [info] > git for-each-ref --sort -committerdate --format %(refname) %(objectname) %(*objectname) [1ms]
2023-02-20 19:03:52.489 [info] > git config --get commit.template [0ms]
2023-02-20 19:03:52.494 [info] > git for-each-ref --format=%(refname)%00%(upstream:short)%00%(objectname)%00%(upstream:track)%00%(upstream:remotename)%00%(upstream:remoteref) refs/heads/main refs/remotes/main [0ms]
2023-02-20 19:03:52.502 [info] > git status -z -uall [4ms]
2023-02-20 19:03:52.503 [info] > git for-each-ref --sort -committerdate --format %(refname) %(objectname) %(*objectname) [1ms]
2023-02-20 19:04:34.458 [info] > git config --get commit.template [2ms]
2023-02-20 19:04:34.467 [info] > git for-each-ref --format=%(refname)%00%(upstream:short)%00%(objectname)%00%(upstream:track)%00%(upstream:remotename)%00%(upstream:remoteref) refs/heads/main refs/remotes/main [0ms]
2023-02-20 19:04:34.481 [info] > git status -z -uall [8ms]
2023-02-20 19:04:34.482 [info] > git for-each-ref --sort -committerdate --format %(refname) %(objectname) %(*objectname) [1ms]
2023-02-20 19:05:25.230 [info] > git config --get commit.template [1ms]
2023-02-20 19:05:25.237 [info] > git for-each-ref --format=%(refname)%00%(upstream:short)%00%(objectname)%00%(upstream:track)%00%(upstream:remotename)%00%(upstream:remoteref) refs/heads/main refs/remotes/main [1ms]
2023-02-20 19:05:25.245 [info] > git status -z -uall [3ms]
2023-02-20 19:05:25.246 [info] > git for-each-ref --sort -committerdate --format %(refname) %(objectname) %(*objectname) [0ms]
2023-02-20 19:05:54.335 [info] > git config --get commit.template [0ms]
2023-02-20 19:05:54.343 [info] > git for-each-ref --format=%(refname)%00%(upstream:short)%00%(objectname)%00%(upstream:track)%00%(upstream:remotename)%00%(upstream:remoteref) refs/heads/main refs/remotes/main [1ms]
2023-02-20 19:05:54.358 [info] > git status -z -uall [7ms]
2023-02-20 19:05:54.359 [info] > git for-each-ref --sort -committerdate --format %(refname) %(objectname) %(*objectname) [1ms]
2023-02-20 19:06:12.983 [info] > git config --get commit.template [1ms]
2023-02-20 19:06:12.988 [info] > git for-each-ref --format=%(refname)%00%(upstream:short)%00%(objectname)%00%(upstream:track)%00%(upstream:remotename)%00%(upstream:remoteref) refs/heads/main refs/remotes/main [1ms]
2023-02-20 19:06:13.001 [info] > git status -z -uall [7ms]
2023-02-20 19:06:13.002 [info] > git for-each-ref --sort -committerdate --format %(refname) %(objectname) %(*objectname) [1ms]
2023-02-20 19:08:19.097 [info] > git show --textconv :tailwind.config.cjs [9ms]
2023-02-20 19:08:19.097 [info] > git ls-files --stage -- /home/aarni/huhuu-dev/tailwind.config.cjs [1ms]
2023-02-20 19:08:19.104 [info] > git cat-file -s cb3b861512f3e33be1b8036890936b67476e893a [1ms]
2023-02-20 19:08:59.271 [info] > git config --get commit.template [0ms]
2023-02-20 19:08:59.276 [info] > git for-each-ref --format=%(refname)%00%(upstream:short)%00%(objectname)%00%(upstream:track)%00%(upstream:remotename)%00%(upstream:remoteref) refs/heads/main refs/remotes/main [0ms]
2023-02-20 19:08:59.295 [info] > git status -z -uall [12ms]
2023-02-20 19:08:59.296 [info] > git for-each-ref --sort -committerdate --format %(refname) %(objectname) %(*objectname) [2ms]
2023-02-20 19:09:43.979 [info] > git show --textconv :src/components/Footer2.astro [9ms]
2023-02-20 19:09:43.979 [info] > git ls-files --stage -- /home/aarni/huhuu-dev/src/components/Footer2.astro [0ms]
2023-02-20 19:09:43.987 [info] > git cat-file -s ebf6ce0c682dcc451dde6e0a4b23e04d55c45bee [0ms]
2023-02-20 19:10:31.796 [info] > git show --textconv :src/layouts/Layout.astro [9ms]
2023-02-20 19:10:31.797 [info] > git ls-files --stage -- /home/aarni/huhuu-dev/src/layouts/Layout.astro [2ms]
2023-02-20 19:10:31.805 [info] > git cat-file -s d6e598d3725034249c4a5dc7d7edef99d07e1c45 [1ms]
2023-02-20 19:10:54.050 [info] > git config --get commit.template [16ms]
2023-02-20 19:10:54.062 [info] > git for-each-ref --format=%(refname)%00%(upstream:short)%00%(objectname)%00%(upstream:track)%00%(upstream:remotename)%00%(upstream:remoteref) refs/heads/main refs/remotes/main [6ms]
2023-02-20 19:10:54.075 [info] > git status -z -uall [7ms]
2023-02-20 19:10:54.077 [info] > git for-each-ref --sort -committerdate --format %(refname) %(objectname) %(*objectname) [2ms]
2023-02-20 19:11:47.636 [info] > git config --get commit.template [0ms]
2023-02-20 19:11:47.643 [info] > git for-each-ref --format=%(refname)%00%(upstream:short)%00%(objectname)%00%(upstream:track)%00%(upstream:remotename)%00%(upstream:remoteref) refs/heads/main refs/remotes/main [0ms]
2023-02-20 19:11:47.660 [info] > git status -z -uall [10ms]
2023-02-20 19:11:47.661 [info] > git for-each-ref --sort -committerdate --format %(refname) %(objectname) %(*objectname) [2ms]
2023-02-20 19:12:44.188 [info] > git show --textconv :src/components/Header.astro [9ms]
2023-02-20 19:12:44.188 [info] > git ls-files --stage -- /home/aarni/huhuu-dev/src/components/Header.astro [1ms]
2023-02-20 19:12:44.197 [info] > git cat-file -s f09db8c105d7d8b15cd2dffe15df487a02076da0 [2ms]
2023-02-20 19:12:47.821 [info] > git show --textconv :src/components/Posts.astro [8ms]
2023-02-20 19:12:47.822 [info] > git ls-files --stage -- /home/aarni/huhuu-dev/src/components/Posts.astro [1ms]
2023-02-20 19:12:47.829 [info] > git cat-file -s 0cc08dab35618ae773f1cf9e595c1ae1e70b6510 [0ms]
2023-02-20 19:13:10.318 [info] > git config --get commit.template [1ms]
2023-02-20 19:13:10.326 [info] > git for-each-ref --format=%(refname)%00%(upstream:short)%00%(objectname)%00%(upstream:track)%00%(upstream:remotename)%00%(upstream:remoteref) refs/heads/main refs/remotes/main [1ms]
2023-02-20 19:13:10.341 [info] > git status -z -uall [8ms]
2023-02-20 19:13:10.341 [info] > git for-each-ref --sort -committerdate --format %(refname) %(objectname) %(*objectname) [2ms]
2023-02-20 19:13:17.886 [info] > git config --get commit.template [1ms]
2023-02-20 19:13:17.893 [info] > git for-each-ref --format=%(refname)%00%(upstream:short)%00%(objectname)%00%(upstream:track)%00%(upstream:remotename)%00%(upstream:remoteref) refs/heads/main refs/remotes/main [1ms]
2023-02-20 19:13:17.906 [info] > git status -z -uall [7ms]
2023-02-20 19:13:17.907 [info] > git for-each-ref --sort -committerdate --format %(refname) %(objectname) %(*objectname) [1ms]
2023-02-20 19:13:49.160 [info] > git config --get commit.template [0ms]
2023-02-20 19:13:49.167 [info] > git for-each-ref --format=%(refname)%00%(upstream:short)%00%(objectname)%00%(upstream:track)%00%(upstream:remotename)%00%(upstream:remoteref) refs/heads/main refs/remotes/main [1ms]
2023-02-20 19:13:49.180 [info] > git status -z -uall [6ms]
2023-02-20 19:13:49.181 [info] > git for-each-ref --sort -committerdate --format %(refname) %(objectname) %(*objectname) [1ms]
2023-02-20 19:15:10.224 [info] > git config --get commit.template [5ms]
2023-02-20 19:15:10.224 [info] > git for-each-ref --format=%(refname)%00%(upstream:short)%00%(objectname)%00%(upstream:track)%00%(upstream:remotename)%00%(upstream:remoteref) refs/heads/main refs/remotes/main [1ms]
2023-02-20 19:15:10.239 [info] > git status -z -uall [8ms]
2023-02-20 19:15:10.240 [info] > git for-each-ref --sort -committerdate --format %(refname) %(objectname) %(*objectname) [1ms]
2023-02-20 19:15:15.249 [info] > git config --get commit.template [0ms]
2023-02-20 19:15:15.257 [info] > git for-each-ref --format=%(refname)%00%(upstream:short)%00%(objectname)%00%(upstream:track)%00%(upstream:remotename)%00%(upstream:remoteref) refs/heads/main refs/remotes/main [0ms]
2023-02-20 19:15:15.271 [info] > git status -z -uall [7ms]
2023-02-20 19:15:15.272 [info] > git for-each-ref --sort -committerdate --format %(refname) %(objectname) %(*objectname) [0ms]
2023-02-20 19:15:33.468 [info] > git config --get commit.template [1ms]
2023-02-20 19:15:33.476 [info] > git for-each-ref --format=%(refname)%00%(upstream:short)%00%(objectname)%00%(upstream:track)%00%(upstream:remotename)%00%(upstream:remoteref) refs/heads/main refs/remotes/main [0ms]
2023-02-20 19:15:33.487 [info] > git status -z -uall [6ms]
2023-02-20 19:15:33.488 [info] > git for-each-ref --sort -committerdate --format %(refname) %(objectname) %(*objectname) [1ms]
2023-02-20 19:16:02.910 [info] > git config --get commit.template [1ms]
2023-02-20 19:16:02.918 [info] > git for-each-ref --format=%(refname)%00%(upstream:short)%00%(objectname)%00%(upstream:track)%00%(upstream:remotename)%00%(upstream:remoteref) refs/heads/main refs/remotes/main [1ms]
2023-02-20 19:16:02.930 [info] > git status -z -uall [7ms]
2023-02-20 19:16:02.930 [info] > git for-each-ref --sort -committerdate --format %(refname) %(objectname) %(*objectname) [1ms]
2023-02-20 19:16:08.017 [info] > git config --get commit.template [6ms]
2023-02-20 19:16:08.018 [info] > git for-each-ref --format=%(refname)%00%(upstream:short)%00%(objectname)%00%(upstream:track)%00%(upstream:remotename)%00%(upstream:remoteref) refs/heads/main refs/remotes/main [1ms]
2023-02-20 19:16:08.028 [info] > git status -z -uall [5ms]
2023-02-20 19:16:08.029 [info] > git for-each-ref --sort -committerdate --format %(refname) %(objectname) %(*objectname) [1ms]
2023-02-20 19:16:37.647 [info] > git config --get commit.template [0ms]
2023-02-20 19:16:37.657 [info] > git for-each-ref --format=%(refname)%00%(upstream:short)%00%(objectname)%00%(upstream:track)%00%(upstream:remotename)%00%(upstream:remoteref) refs/heads/main refs/remotes/main [1ms]
2023-02-20 19:16:37.669 [info] > git status -z -uall [6ms]
2023-02-20 19:16:37.669 [info] > git for-each-ref --sort -committerdate --format %(refname) %(objectname) %(*objectname) [1ms]
2023-02-20 19:17:02.021 [info] > git config --get commit.template [7ms]
2023-02-20 19:17:02.022 [info] > git for-each-ref --format=%(refname)%00%(upstream:short)%00%(objectname)%00%(upstream:track)%00%(upstream:remotename)%00%(upstream:remoteref) refs/heads/main refs/remotes/main [1ms]
2023-02-20 19:17:02.036 [info] > git status -z -uall [8ms]
2023-02-20 19:17:02.037 [info] > git for-each-ref --sort -committerdate --format %(refname) %(objectname) %(*objectname) [1ms]
2023-02-20 19:17:07.051 [info] > git config --get commit.template [7ms]
2023-02-20 19:17:07.051 [info] > git for-each-ref --format=%(refname)%00%(upstream:short)%00%(objectname)%00%(upstream:track)%00%(upstream:remotename)%00%(upstream:remoteref) refs/heads/main refs/remotes/main [0ms]
2023-02-20 19:17:07.066 [info] > git status -z -uall [8ms]
2023-02-20 19:17:07.066 [info] > git for-each-ref --sort -committerdate --format %(refname) %(objectname) %(*objectname) [1ms]
2023-02-20 19:17:12.078 [info] > git config --get commit.template [1ms]
2023-02-20 19:17:12.088 [info] > git for-each-ref --format=%(refname)%00%(upstream:short)%00%(objectname)%00%(upstream:track)%00%(upstream:remotename)%00%(upstream:remoteref) refs/heads/main refs/remotes/main [1ms]
2023-02-20 19:17:12.100 [info] > git status -z -uall [6ms]
2023-02-20 19:17:12.101 [info] > git for-each-ref --sort -committerdate --format %(refname) %(objectname) %(*objectname) [1ms]
2023-02-20 19:18:35.360 [info] > git config --get commit.template [1ms]
2023-02-20 19:18:35.368 [info] > git for-each-ref --format=%(refname)%00%(upstream:short)%00%(objectname)%00%(upstream:track)%00%(upstream:remotename)%00%(upstream:remoteref) refs/heads/main refs/remotes/main [1ms]
2023-02-20 19:18:35.381 [info] > git status -z -uall [6ms]
2023-02-20 19:18:35.382 [info] > git for-each-ref --sort -committerdate --format %(refname) %(objectname) %(*objectname) [0ms]
2023-02-20 19:18:40.422 [info] > git config --get commit.template [1ms]
2023-02-20 19:18:40.430 [info] > git for-each-ref --format=%(refname)%00%(upstream:short)%00%(objectname)%00%(upstream:track)%00%(upstream:remotename)%00%(upstream:remoteref) refs/heads/main refs/remotes/main [1ms]
2023-02-20 19:18:40.438 [info] > git status -z -uall [4ms]
2023-02-20 19:18:40.439 [info] > git for-each-ref --sort -committerdate --format %(refname) %(objectname) %(*objectname) [1ms]
2023-02-20 19:18:52.192 [info] > git config --get commit.template [1ms]
2023-02-20 19:18:52.199 [info] > git for-each-ref --format=%(refname)%00%(upstream:short)%00%(objectname)%00%(upstream:track)%00%(upstream:remotename)%00%(upstream:remoteref) refs/heads/main refs/remotes/main [0ms]
2023-02-20 19:18:52.215 [info] > git status -z -uall [8ms]
2023-02-20 19:18:52.215 [info] > git for-each-ref --sort -committerdate --format %(refname) %(objectname) %(*objectname) [1ms]
2023-02-20 19:19:35.436 [info] > git config --get commit.template [0ms]
2023-02-20 19:19:35.446 [info] > git for-each-ref --format=%(refname)%00%(upstream:short)%00%(objectname)%00%(upstream:track)%00%(upstream:remotename)%00%(upstream:remoteref) refs/heads/main refs/remotes/main [1ms]
2023-02-20 19:19:35.458 [info] > git status -z -uall [6ms]
2023-02-20 19:19:35.459 [info] > git for-each-ref --sort -committerdate --format %(refname) %(objectname) %(*objectname) [1ms]
2023-02-20 19:19:50.557 [info] > git config --get commit.template [1ms]
2023-02-20 19:19:50.564 [info] > git for-each-ref --format=%(refname)%00%(upstream:short)%00%(objectname)%00%(upstream:track)%00%(upstream:remotename)%00%(upstream:remoteref) refs/heads/main refs/remotes/main [1ms]
2023-02-20 19:19:50.579 [info] > git status -z -uall [7ms]
2023-02-20 19:19:50.580 [info] > git for-each-ref --sort -committerdate --format %(refname) %(objectname) %(*objectname) [1ms]
2023-02-20 19:19:57.684 [info] > git config --get commit.template [1ms]
2023-02-20 19:19:57.691 [info] > git for-each-ref --format=%(refname)%00%(upstream:short)%00%(objectname)%00%(upstream:track)%00%(upstream:remotename)%00%(upstream:remoteref) refs/heads/main refs/remotes/main [1ms]
2023-02-20 19:19:57.704 [info] > git status -z -uall [7ms]
2023-02-20 19:19:57.704 [info] > git for-each-ref --sort -committerdate --format %(refname) %(objectname) %(*objectname) [1ms]
2023-02-20 19:20:02.715 [info] > git config --get commit.template [0ms]
2023-02-20 19:20:02.722 [info] > git for-each-ref --format=%(refname)%00%(upstream:short)%00%(objectname)%00%(upstream:track)%00%(upstream:remotename)%00%(upstream:remoteref) refs/heads/main refs/remotes/main [1ms]
2023-02-20 19:20:02.732 [info] > git status -z -uall [4ms]
2023-02-20 19:20:02.733 [info] > git for-each-ref --sort -committerdate --format %(refname) %(objectname) %(*objectname) [0ms]
2023-02-20 19:20:12.037 [info] > git config --get commit.template [0ms]
2023-02-20 19:20:12.047 [info] > git for-each-ref --format=%(refname)%00%(upstream:short)%00%(objectname)%00%(upstream:track)%00%(upstream:remotename)%00%(upstream:remoteref) refs/heads/main refs/remotes/main [1ms]
2023-02-20 19:20:12.062 [info] > git status -z -uall [7ms]
2023-02-20 19:20:12.063 [info] > git for-each-ref --sort -committerdate --format %(refname) %(objectname) %(*objectname) [1ms]
2023-02-20 19:20:24.796 [info] > git config --get commit.template [1ms]
2023-02-20 19:20:24.805 [info] > git for-each-ref --format=%(refname)%00%(upstream:short)%00%(objectname)%00%(upstream:track)%00%(upstream:remotename)%00%(upstream:remoteref) refs/heads/main refs/remotes/main [1ms]
2023-02-20 19:20:24.820 [info] > git status -z -uall [8ms]
2023-02-20 19:20:24.821 [info] > git for-each-ref --sort -committerdate --format %(refname) %(objectname) %(*objectname) [1ms]
2023-02-20 19:20:31.129 [info] > git config --get commit.template [3ms]
2023-02-20 19:20:31.130 [info] > git for-each-ref --format=%(refname)%00%(upstream:short)%00%(objectname)%00%(upstream:track)%00%(upstream:remotename)%00%(upstream:remoteref) refs/heads/main refs/remotes/main [1ms]
2023-02-20 19:20:31.136 [info] > git status -z -uall [4ms]
2023-02-20 19:20:31.137 [info] > git for-each-ref --sort -committerdate --format %(refname) %(objectname) %(*objectname) [1ms]
2023-02-20 19:20:36.148 [info] > git config --get commit.template [0ms]
2023-02-20 19:20:36.156 [info] > git for-each-ref --format=%(refname)%00%(upstream:short)%00%(objectname)%00%(upstream:track)%00%(upstream:remotename)%00%(upstream:remoteref) refs/heads/main refs/remotes/main [1ms]
2023-02-20 19:20:36.169 [info] > git status -z -uall [7ms]
2023-02-20 19:20:36.169 [info] > git for-each-ref --sort -committerdate --format %(refname) %(objectname) %(*objectname) [1ms]
2023-02-20 19:23:26.086 [info] > git config --get commit.template [1ms]
2023-02-20 19:23:26.093 [info] > git for-each-ref --format=%(refname)%00%(upstream:short)%00%(objectname)%00%(upstream:track)%00%(upstream:remotename)%00%(upstream:remoteref) refs/heads/main refs/remotes/main [1ms]
2023-02-20 19:23:26.109 [info] > git status -z -uall [7ms]
2023-02-20 19:23:26.110 [info] > git for-each-ref --sort -committerdate --format %(refname) %(objectname) %(*objectname) [1ms]
2023-02-20 19:23:44.639 [info] > git config --get commit.template [0ms]
2023-02-20 19:23:44.648 [info] > git for-each-ref --format=%(refname)%00%(upstream:short)%00%(objectname)%00%(upstream:track)%00%(upstream:remotename)%00%(upstream:remoteref) refs/heads/main refs/remotes/main [0ms]
2023-02-20 19:23:44.662 [info] > git status -z -uall [8ms]
2023-02-20 19:23:44.663 [info] > git for-each-ref --sort -committerdate --format %(refname) %(objectname) %(*objectname) [1ms]
2023-02-20 19:24:13.574 [info] > git config --get commit.template [1ms]
2023-02-20 19:24:13.582 [info] > git for-each-ref --format=%(refname)%00%(upstream:short)%00%(objectname)%00%(upstream:track)%00%(upstream:remotename)%00%(upstream:remoteref) refs/heads/main refs/remotes/main [1ms]
2023-02-20 19:24:13.591 [info] > git status -z -uall [5ms]
2023-02-20 19:24:13.591 [info] > git for-each-ref --sort -committerdate --format %(refname) %(objectname) %(*objectname) [0ms]
2023-02-20 19:24:19.543 [info] > git config --get commit.template [1ms]
2023-02-20 19:24:19.554 [info] > git for-each-ref --format=%(refname)%00%(upstream:short)%00%(objectname)%00%(upstream:track)%00%(upstream:remotename)%00%(upstream:remoteref) refs/heads/main refs/remotes/main [1ms]
2023-02-20 19:24:19.570 [info] > git status -z -uall [9ms]
2023-02-20 19:24:19.571 [info] > git for-each-ref --sort -committerdate --format %(refname) %(objectname) %(*objectname) [1ms]
2023-02-20 19:24:24.582 [info] > git config --get commit.template [0ms]
2023-02-20 19:24:24.591 [info] > git for-each-ref --format=%(refname)%00%(upstream:short)%00%(objectname)%00%(upstream:track)%00%(upstream:remotename)%00%(upstream:remoteref) refs/heads/main refs/remotes/main [1ms]
2023-02-20 19:24:24.609 [info] > git status -z -uall [8ms]
2023-02-20 19:24:24.610 [info] > git for-each-ref --sort -committerdate --format %(refname) %(objectname) %(*objectname) [1ms]
2023-02-20 19:24:30.504 [info] > git config --get commit.template [6ms]
2023-02-20 19:24:30.504 [info] > git for-each-ref --format=%(refname)%00%(upstream:short)%00%(objectname)%00%(upstream:track)%00%(upstream:remotename)%00%(upstream:remoteref) refs/heads/main refs/remotes/main [0ms]
2023-02-20 19:24:30.514 [info] > git status -z -uall [4ms]
2023-02-20 19:24:30.515 [info] > git for-each-ref --sort -committerdate --format %(refname) %(objectname) %(*objectname) [1ms]
2023-02-20 19:25:40.468 [info] > git config --get commit.template [7ms]
2023-02-20 19:25:40.469 [info] > git for-each-ref --format=%(refname)%00%(upstream:short)%00%(objectname)%00%(upstream:track)%00%(upstream:remotename)%00%(upstream:remoteref) refs/heads/main refs/remotes/main [1ms]
2023-02-20 19:25:40.476 [info] > git status -z -uall [4ms]
2023-02-20 19:25:40.477 [info] > git for-each-ref --sort -committerdate --format %(refname) %(objectname) %(*objectname) [1ms]
2023-02-20 19:26:02.075 [info] > git config --get commit.template [6ms]
2023-02-20 19:26:02.075 [info] > git for-each-ref --format=%(refname)%00%(upstream:short)%00%(objectname)%00%(upstream:track)%00%(upstream:remotename)%00%(upstream:remoteref) refs/heads/main refs/remotes/main [0ms]
2023-02-20 19:26:02.088 [info] > git status -z -uall [8ms]
2023-02-20 19:26:02.088 [info] > git for-each-ref --sort -committerdate --format %(refname) %(objectname) %(*objectname) [1ms]
2023-02-20 19:28:19.703 [info] > git config --get commit.template [1ms]
2023-02-20 19:28:19.710 [info] > git for-each-ref --format=%(refname)%00%(upstream:short)%00%(objectname)%00%(upstream:track)%00%(upstream:remotename)%00%(upstream:remoteref) refs/heads/main refs/remotes/main [1ms]
2023-02-20 19:28:19.721 [info] > git status -z -uall [4ms]
2023-02-20 19:28:19.722 [info] > git for-each-ref --sort -committerdate --format %(refname) %(objectname) %(*objectname) [1ms]
2023-02-20 19:28:25.966 [info] > git config --get commit.template [0ms]
2023-02-20 19:28:25.974 [info] > git for-each-ref --format=%(refname)%00%(upstream:short)%00%(objectname)%00%(upstream:track)%00%(upstream:remotename)%00%(upstream:remoteref) refs/heads/main refs/remotes/main [1ms]
2023-02-20 19:28:25.984 [info] > git status -z -uall [5ms]
2023-02-20 19:28:25.984 [info] > git for-each-ref --sort -committerdate --format %(refname) %(objectname) %(*objectname) [0ms]
2023-02-20 19:29:58.791 [info] > git config --get commit.template [1ms]
2023-02-20 19:29:58.799 [info] > git for-each-ref --format=%(refname)%00%(upstream:short)%00%(objectname)%00%(upstream:track)%00%(upstream:remotename)%00%(upstream:remoteref) refs/heads/main refs/remotes/main [0ms]
2023-02-20 19:29:58.816 [info] > git status -z -uall [10ms]
2023-02-20 19:29:58.817 [info] > git for-each-ref --sort -committerdate --format %(refname) %(objectname) %(*objectname) [1ms]
2023-02-20 19:34:43.814 [info] > git config --get commit.template [1ms]
2023-02-20 19:34:43.822 [info] > git for-each-ref --format=%(refname)%00%(upstream:short)%00%(objectname)%00%(upstream:track)%00%(upstream:remotename)%00%(upstream:remoteref) refs/heads/main refs/remotes/main [1ms]
2023-02-20 19:34:43.837 [info] > git status -z -uall [7ms]
2023-02-20 19:34:43.838 [info] > git for-each-ref --sort -committerdate --format %(refname) %(objectname) %(*objectname) [1ms]
2023-02-20 19:44:59.565 [info] > git config --get commit.template [0ms]
2023-02-20 19:44:59.575 [info] > git for-each-ref --format=%(refname)%00%(upstream:short)%00%(objectname)%00%(upstream:track)%00%(upstream:remotename)%00%(upstream:remoteref) refs/heads/main refs/remotes/main [1ms]
2023-02-20 19:44:59.591 [info] > git status -z -uall [9ms]
2023-02-20 19:44:59.591 [info] > git for-each-ref --sort -committerdate --format %(refname) %(objectname) %(*objectname) [1ms]
2023-02-20 19:46:17.584 [info] > git config --get commit.template [5ms]
2023-02-20 19:46:17.584 [info] > git for-each-ref --format=%(refname)%00%(upstream:short)%00%(objectname)%00%(upstream:track)%00%(upstream:remotename)%00%(upstream:remoteref) refs/heads/main refs/remotes/main [2ms]
2023-02-20 19:46:17.600 [info] > git status -z -uall [7ms]
2023-02-20 19:46:17.601 [info] > git for-each-ref --sort -committerdate --format %(refname) %(objectname) %(*objectname) [0ms]
2023-02-20 19:47:09.944 [info] > git config --get commit.template [0ms]
2023-02-20 19:47:09.951 [info] > git for-each-ref --format=%(refname)%00%(upstream:short)%00%(objectname)%00%(upstream:track)%00%(upstream:remotename)%00%(upstream:remoteref) refs/heads/main refs/remotes/main [0ms]
2023-02-20 19:47:09.964 [info] > git status -z -uall [6ms]
2023-02-20 19:47:09.965 [info] > git for-each-ref --sort -committerdate --format %(refname) %(objectname) %(*objectname) [1ms]
2023-02-20 19:47:43.297 [info] > git config --get commit.template [8ms]
2023-02-20 19:47:43.297 [info] > git for-each-ref --format=%(refname)%00%(upstream:short)%00%(objectname)%00%(upstream:track)%00%(upstream:remotename)%00%(upstream:remoteref) refs/heads/main refs/remotes/main [1ms]
2023-02-20 19:47:43.312 [info] > git status -z -uall [9ms]
2023-02-20 19:47:43.313 [info] > git for-each-ref --sort -committerdate --format %(refname) %(objectname) %(*objectname) [2ms]
2023-02-20 19:48:10.129 [info] > git show --textconv :src/components/Footer.astro [8ms]
2023-02-20 19:48:10.129 [info] > git ls-files --stage -- /home/aarni/huhuu-dev/src/components/Footer.astro [1ms]
2023-02-20 19:48:10.139 [info] > git cat-file -s 4c28729810892172e2669e820fe5b6624f99bd2e [1ms]
2023-02-20 19:48:15.409 [info] > git check-ignore -v -z --stdin [1ms]
2023-02-20 19:48:35.129 [info] > git config --get commit.template [6ms]
2023-02-20 19:48:35.129 [info] > git for-each-ref --format=%(refname)%00%(upstream:short)%00%(objectname)%00%(upstream:track)%00%(upstream:remotename)%00%(upstream:remoteref) refs/heads/main refs/remotes/main [1ms]
2023-02-20 19:48:35.141 [info] > git status -z -uall [6ms]
2023-02-20 19:48:35.142 [info] > git for-each-ref --sort -committerdate --format %(refname) %(objectname) %(*objectname) [1ms]
2023-02-20 19:48:41.899 [info] > git config --get commit.template [1ms]
2023-02-20 19:48:41.907 [info] > git for-each-ref --format=%(refname)%00%(upstream:short)%00%(objectname)%00%(upstream:track)%00%(upstream:remotename)%00%(upstream:remoteref) refs/heads/main refs/remotes/main [0ms]
2023-02-20 19:48:41.921 [info] > git status -z -uall [8ms]
2023-02-20 19:48:41.921 [info] > git for-each-ref --sort -committerdate --format %(refname) %(objectname) %(*objectname) [1ms]
2023-02-20 19:48:48.818 [info] > git config --get commit.template [1ms]
2023-02-20 19:48:48.825 [info] > git for-each-ref --format=%(refname)%00%(upstream:short)%00%(objectname)%00%(upstream:track)%00%(upstream:remotename)%00%(upstream:remoteref) refs/heads/main refs/remotes/main [1ms]
2023-02-20 19:48:48.839 [info] > git status -z -uall [8ms]
2023-02-20 19:48:48.839 [info] > git for-each-ref --sort -committerdate --format %(refname) %(objectname) %(*objectname) [1ms]
2023-02-20 19:50:07.220 [info] > git config --get commit.template [0ms]
2023-02-20 19:50:07.224 [info] > git for-each-ref --format=%(refname)%00%(upstream:short)%00%(objectname)%00%(upstream:track)%00%(upstream:remotename)%00%(upstream:remoteref) refs/heads/main refs/remotes/main [0ms]
2023-02-20 19:50:07.232 [info] > git status -z -uall [4ms]
2023-02-20 19:50:07.232 [info] > git for-each-ref --sort -committerdate --format %(refname) %(objectname) %(*objectname) [1ms]
2023-02-20 19:50:18.136 [info] > git config --get commit.template [1ms]
2023-02-20 19:50:18.143 [info] > git for-each-ref --format=%(refname)%00%(upstream:short)%00%(objectname)%00%(upstream:track)%00%(upstream:remotename)%00%(upstream:remoteref) refs/heads/main refs/remotes/main [0ms]
2023-02-20 19:50:18.156 [info] > git status -z -uall [5ms]
2023-02-20 19:50:18.157 [info] > git for-each-ref --sort -committerdate --format %(refname) %(objectname) %(*objectname) [1ms]
2023-02-20 19:50:57.035 [info] > git config --get commit.template [3ms]
2023-02-20 19:50:57.036 [info] > git for-each-ref --format=%(refname)%00%(upstream:short)%00%(objectname)%00%(upstream:track)%00%(upstream:remotename)%00%(upstream:remoteref) refs/heads/main refs/remotes/main [1ms]
2023-02-20 19:50:57.042 [info] > git status -z -uall [3ms]
2023-02-20 19:50:57.043 [info] > git for-each-ref --sort -committerdate --format %(refname) %(objectname) %(*objectname) [1ms]
2023-02-20 19:51:15.160 [info] > git config --get commit.template [6ms]
2023-02-20 19:51:15.160 [info] > git for-each-ref --format=%(refname)%00%(upstream:short)%00%(objectname)%00%(upstream:track)%00%(upstream:remotename)%00%(upstream:remoteref) refs/heads/main refs/remotes/main [1ms]
2023-02-20 19:51:15.175 [info] > git status -z -uall [8ms]
2023-02-20 19:51:15.176 [info] > git for-each-ref --sort -committerdate --format %(refname) %(objectname) %(*objectname) [0ms]
2023-02-20 19:52:20.961 [info] > git config --get commit.template [1ms]
2023-02-20 19:52:20.965 [info] > git for-each-ref --format=%(refname)%00%(upstream:short)%00%(objectname)%00%(upstream:track)%00%(upstream:remotename)%00%(upstream:remoteref) refs/heads/main refs/remotes/main [0ms]
2023-02-20 19:52:20.973 [info] > git status -z -uall [4ms]
2023-02-20 19:52:20.973 [info] > git for-each-ref --sort -committerdate --format %(refname) %(objectname) %(*objectname) [1ms]
2023-02-20 19:52:24.418 [info] > git show --textconv :astro.config.mjs [9ms]
2023-02-20 19:52:24.418 [info] > git ls-files --stage -- /home/aarni/huhuu-dev/astro.config.mjs [0ms]
2023-02-20 19:52:24.425 [info] > git cat-file -s e09066b6d20c2fd413fcfe478954be164a258e0d [1ms]
2023-02-20 19:52:25.985 [info] > git config --get commit.template [0ms]
2023-02-20 19:52:25.992 [info] > git for-each-ref --format=%(refname)%00%(upstream:short)%00%(objectname)%00%(upstream:track)%00%(upstream:remotename)%00%(upstream:remoteref) refs/heads/main refs/remotes/main [1ms]
2023-02-20 19:52:26.007 [info] > git status -z -uall [7ms]
2023-02-20 19:52:26.008 [info] > git for-each-ref --sort -committerdate --format %(refname) %(objectname) %(*objectname) [1ms]
2023-02-20 19:52:33.702 [info] > git config --get commit.template [5ms]
2023-02-20 19:52:33.702 [info] > git for-each-ref --format=%(refname)%00%(upstream:short)%00%(objectname)%00%(upstream:track)%00%(upstream:remotename)%00%(upstream:remoteref) refs/heads/main refs/remotes/main [1ms]
2023-02-20 19:52:33.709 [info] > git status -z -uall [3ms]
2023-02-20 19:52:33.710 [info] > git for-each-ref --sort -committerdate --format %(refname) %(objectname) %(*objectname) [1ms]
2023-02-20 19:52:46.889 [info] > git config --get commit.template [7ms]
2023-02-20 19:52:46.890 [info] > git for-each-ref --format=%(refname)%00%(upstream:short)%00%(objectname)%00%(upstream:track)%00%(upstream:remotename)%00%(upstream:remoteref) refs/heads/main refs/remotes/main [1ms]
2023-02-20 19:52:46.903 [info] > git status -z -uall [6ms]
2023-02-20 19:52:46.903 [info] > git for-each-ref --sort -committerdate --format %(refname) %(objectname) %(*objectname) [0ms]
2023-02-20 19:52:58.321 [info] > git show --textconv :src/components/ThemeToggle.tst [9ms]
2023-02-20 19:52:58.321 [info] > git ls-files --stage -- /home/aarni/huhuu-dev/src/components/ThemeToggle.tst [0ms]
2023-02-20 19:52:58.596 [info] > git check-ignore -v -z --stdin [0ms]
2023-02-20 19:52:59.124 [info] > git config --get commit.template [0ms]
2023-02-20 19:52:59.131 [info] > git for-each-ref --format=%(refname)%00%(upstream:short)%00%(objectname)%00%(upstream:track)%00%(upstream:remotename)%00%(upstream:remoteref) refs/heads/main refs/remotes/main [0ms]
2023-02-20 19:52:59.142 [info] > git status -z -uall [7ms]
2023-02-20 19:52:59.142 [info] > git for-each-ref --sort -committerdate --format %(refname) %(objectname) %(*objectname) [1ms]
2023-02-20 19:53:04.583 [info] > git show --textconv :src/components/ThemeToggle.tsx [8ms]
2023-02-20 19:53:04.584 [info] > git ls-files --stage -- /home/aarni/huhuu-dev/src/components/ThemeToggle.tsx [1ms]
2023-02-20 19:53:04.899 [info] > git check-ignore -v -z --stdin [0ms]
2023-02-20 19:53:05.417 [info] > git config --get commit.template [7ms]
2023-02-20 19:53:05.417 [info] > git for-each-ref --format=%(refname)%00%(upstream:short)%00%(objectname)%00%(upstream:track)%00%(upstream:remotename)%00%(upstream:remoteref) refs/heads/main refs/remotes/main [1ms]
2023-02-20 19:53:05.432 [info] > git status -z -uall [7ms]
2023-02-20 19:53:05.432 [info] > git for-each-ref --sort -committerdate --format %(refname) %(objectname) %(*objectname) [1ms]
2023-02-20 19:53:10.444 [info] > git config --get commit.template [1ms]
2023-02-20 19:53:10.452 [info] > git for-each-ref --format=%(refname)%00%(upstream:short)%00%(objectname)%00%(upstream:track)%00%(upstream:remotename)%00%(upstream:remoteref) refs/heads/main refs/remotes/main [0ms]
2023-02-20 19:53:10.469 [info] > git status -z -uall [9ms]
2023-02-20 19:53:10.470 [info] > git for-each-ref --sort -committerdate --format %(refname) %(objectname) %(*objectname) [1ms]
2023-02-20 19:54:09.488 [info] > git config --get commit.template [5ms]
2023-02-20 19:54:09.488 [info] > git for-each-ref --format=%(refname)%00%(upstream:short)%00%(objectname)%00%(upstream:track)%00%(upstream:remotename)%00%(upstream:remoteref) refs/heads/main refs/remotes/main [0ms]
2023-02-20 19:54:09.496 [info] > git status -z -uall [4ms]
2023-02-20 19:54:09.497 [info] > git for-each-ref --sort -committerdate --format %(refname) %(objectname) %(*objectname) [1ms]
2023-02-20 19:54:14.507 [info] > git config --get commit.template [1ms]
2023-02-20 19:54:14.516 [info] > git for-each-ref --format=%(refname)%00%(upstream:short)%00%(objectname)%00%(upstream:track)%00%(upstream:remotename)%00%(upstream:remoteref) refs/heads/main refs/remotes/main [1ms]
2023-02-20 19:54:14.525 [info] > git status -z -uall [5ms]
2023-02-20 19:54:14.525 [info] > git for-each-ref --sort -committerdate --format %(refname) %(objectname) %(*objectname) [1ms]
2023-02-20 19:54:33.047 [info] > git config --get commit.template [1ms]
2023-02-20 19:54:33.057 [info] > git for-each-ref --format=%(refname)%00%(upstream:short)%00%(objectname)%00%(upstream:track)%00%(upstream:remotename)%00%(upstream:remoteref) refs/heads/main refs/remotes/main [1ms]
2023-02-20 19:54:33.072 [info] > git status -z -uall [7ms]
2023-02-20 19:54:33.073 [info] > git for-each-ref --sort -committerdate --format %(refname) %(objectname) %(*objectname) [1ms]
2023-02-20 19:54:37.658 [info] > git ls-files --stage -- /home/aarni/huhuu-dev/package-lock.json [19ms]
2023-02-20 19:54:37.682 [info] > git show --textconv :package-lock.json [52ms]
2023-02-20 19:54:37.682 [info] > git cat-file -s 3b5d40d6e6da14dabeabaa37791123eb4f8b36f5 [16ms]
2023-02-20 19:54:52.944 [info] > git config --get commit.template [1ms]
2023-02-20 19:54:52.949 [info] > git for-each-ref --format=%(refname)%00%(upstream:short)%00%(objectname)%00%(upstream:track)%00%(upstream:remotename)%00%(upstream:remoteref) refs/heads/main refs/remotes/main [1ms]
2023-02-20 19:54:52.959 [info] > git status -z -uall [5ms]
2023-02-20 19:54:52.959 [info] > git for-each-ref --sort -committerdate --format %(refname) %(objectname) %(*objectname) [1ms]
2023-02-20 19:54:57.973 [info] > git config --get commit.template [1ms]
2023-02-20 19:54:57.980 [info] > git for-each-ref --format=%(refname)%00%(upstream:short)%00%(objectname)%00%(upstream:track)%00%(upstream:remotename)%00%(upstream:remoteref) refs/heads/main refs/remotes/main [1ms]
2023-02-20 19:54:57.993 [info] > git status -z -uall [5ms]
2023-02-20 19:54:57.994 [info] > git for-each-ref --sort -committerdate --format %(refname) %(objectname) %(*objectname) [1ms]
2023-02-20 19:55:20.935 [info] > git config --get commit.template [8ms]
2023-02-20 19:55:20.935 [info] > git for-each-ref --format=%(refname)%00%(upstream:short)%00%(objectname)%00%(upstream:track)%00%(upstream:remotename)%00%(upstream:remoteref) refs/heads/main refs/remotes/main [0ms]
2023-02-20 19:55:20.946 [info] > git status -z -uall [4ms]
2023-02-20 19:55:20.947 [info] > git for-each-ref --sort -committerdate --format %(refname) %(objectname) %(*objectname) [1ms]
2023-02-20 19:55:25.959 [info] > git config --get commit.template [0ms]
2023-02-20 19:55:25.967 [info] > git for-each-ref --format=%(refname)%00%(upstream:short)%00%(objectname)%00%(upstream:track)%00%(upstream:remotename)%00%(upstream:remoteref) refs/heads/main refs/remotes/main [0ms]
2023-02-20 19:55:25.985 [info] > git status -z -uall [10ms]
2023-02-20 19:55:25.986 [info] > git for-each-ref --sort -committerdate --format %(refname) %(objectname) %(*objectname) [1ms]
2023-02-20 19:55:30.995 [info] > git config --get commit.template [1ms]
2023-02-20 19:55:31.000 [info] > git for-each-ref --format=%(refname)%00%(upstream:short)%00%(objectname)%00%(upstream:track)%00%(upstream:remotename)%00%(upstream:remoteref) refs/heads/main refs/remotes/main [1ms]
2023-02-20 19:55:31.009 [info] > git status -z -uall [5ms]
2023-02-20 19:55:31.009 [info] > git for-each-ref --sort -committerdate --format %(refname) %(objectname) %(*objectname) [1ms]
2023-02-20 19:55:37.813 [info] > git config --get commit.template [1ms]
2023-02-20 19:55:37.826 [info] > git for-each-ref --format=%(refname)%00%(upstream:short)%00%(objectname)%00%(upstream:track)%00%(upstream:remotename)%00%(upstream:remoteref) refs/heads/main refs/remotes/main [0ms]
2023-02-20 19:55:37.848 [info] > git status -z -uall [11ms]
2023-02-20 19:55:37.849 [info] > git for-each-ref --sort -committerdate --format %(refname) %(objectname) %(*objectname) [1ms]
2023-02-20 19:55:53.517 [info] > git show --textconv :src/components/ThemeToggle.jsx [11ms]
2023-02-20 19:55:53.517 [info] > git ls-files --stage -- /home/aarni/huhuu-dev/src/components/ThemeToggle.jsx [2ms]
2023-02-20 19:55:53.696 [info] > git check-ignore -v -z --stdin [0ms]
2023-02-20 19:55:54.253 [info] > git config --get commit.template [0ms]
2023-02-20 19:55:54.258 [info] > git for-each-ref --format=%(refname)%00%(upstream:short)%00%(objectname)%00%(upstream:track)%00%(upstream:remotename)%00%(upstream:remoteref) refs/heads/main refs/remotes/main [0ms]
2023-02-20 19:55:54.267 [info] > git status -z -uall [5ms]
2023-02-20 19:55:54.267 [info] > git for-each-ref --sort -committerdate --format %(refname) %(objectname) %(*objectname) [0ms]
2023-02-20 19:55:59.287 [info] > git config --get commit.template [8ms]
2023-02-20 19:55:59.287 [info] > git for-each-ref --format=%(refname)%00%(upstream:short)%00%(objectname)%00%(upstream:track)%00%(upstream:remotename)%00%(upstream:remoteref) refs/heads/main refs/remotes/main [0ms]
2023-02-20 19:55:59.298 [info] > git status -z -uall [5ms]
2023-02-20 19:55:59.298 [info] > git for-each-ref --sort -committerdate --format %(refname) %(objectname) %(*objectname) [1ms]
2023-02-20 19:56:03.153 [info] > git show --textconv :src/components/ThemeToggle.tsx [12ms]
2023-02-20 19:56:03.154 [info] > git ls-files --stage -- /home/aarni/huhuu-dev/src/components/ThemeToggle.tsx [2ms]
2023-02-20 19:56:04.310 [info] > git config --get commit.template [1ms]
2023-02-20 19:56:04.319 [info] > git for-each-ref --format=%(refname)%00%(upstream:short)%00%(objectname)%00%(upstream:track)%00%(upstream:remotename)%00%(upstream:remoteref) refs/heads/main refs/remotes/main [1ms]
2023-02-20 19:56:04.331 [info] > git status -z -uall [6ms]
2023-02-20 19:56:04.331 [info] > git for-each-ref --sort -committerdate --format %(refname) %(objectname) %(*objectname) [1ms]
2023-02-20 19:56:35.502 [info] > git config --get commit.template [0ms]
2023-02-20 19:56:35.508 [info] > git for-each-ref --format=%(refname)%00%(upstream:short)%00%(objectname)%00%(upstream:track)%00%(upstream:remotename)%00%(upstream:remoteref) refs/heads/main refs/remotes/main [1ms]
2023-02-20 19:56:35.518 [info] > git status -z -uall [7ms]
2023-02-20 19:56:35.518 [info] > git for-each-ref --sort -committerdate --format %(refname) %(objectname) %(*objectname) [1ms]
2023-02-20 19:58:04.575 [info] > git config --get commit.template [8ms]
2023-02-20 19:58:04.575 [info] > git for-each-ref --format=%(refname)%00%(upstream:short)%00%(objectname)%00%(upstream:track)%00%(upstream:remotename)%00%(upstream:remoteref) refs/heads/main refs/remotes/main [1ms]
2023-02-20 19:58:04.589 [info] > git status -z -uall [7ms]
2023-02-20 19:58:04.590 [info] > git for-each-ref --sort -committerdate --format %(refname) %(objectname) %(*objectname) [1ms]
2023-02-20 19:58:16.133 [info] > git config --get commit.template [1ms]
2023-02-20 19:58:16.142 [info] > git for-each-ref --format=%(refname)%00%(upstream:short)%00%(objectname)%00%(upstream:track)%00%(upstream:remotename)%00%(upstream:remoteref) refs/heads/main refs/remotes/main [0ms]
2023-02-20 19:58:16.154 [info] > git status -z -uall [4ms]
2023-02-20 19:58:16.155 [info] > git for-each-ref --sort -committerdate --format %(refname) %(objectname) %(*objectname) [1ms]
2023-02-20 19:58:55.923 [info] > git config --get commit.template [1ms]
2023-02-20 19:58:55.932 [info] > git for-each-ref --format=%(refname)%00%(upstream:short)%00%(objectname)%00%(upstream:track)%00%(upstream:remotename)%00%(upstream:remoteref) refs/heads/main refs/remotes/main [0ms]
2023-02-20 19:58:55.948 [info] > git status -z -uall [7ms]
2023-02-20 19:58:55.949 [info] > git for-each-ref --sort -committerdate --format %(refname) %(objectname) %(*objectname) [1ms]
2023-02-20 19:58:59.508 [info] > git show --textconv :package.json [0ms]
2023-02-20 19:58:59.523 [info] > git ls-files --stage -- /home/aarni/huhuu-dev/package.json [4ms]
2023-02-20 19:58:59.531 [info] > git cat-file -s 2bb1baf9dde50e0f5058f41f7e5d912451b7058a [0ms]
2023-02-20 19:59:00.381 [info] > git ls-files --stage -- /home/aarni/huhuu-dev/package-lock.json [1ms]
2023-02-20 19:59:00.389 [info] > git show --textconv :package-lock.json [21ms]
2023-02-20 19:59:00.390 [info] > git cat-file -s 3b5d40d6e6da14dabeabaa37791123eb4f8b36f5 [1ms]
2023-02-20 19:59:01.181 [info] > git show --textconv :package.json [10ms]
2023-02-20 19:59:01.181 [info] > git ls-files --stage -- /home/aarni/huhuu-dev/package.json [1ms]
2023-02-20 19:59:01.191 [info] > git cat-file -s 2bb1baf9dde50e0f5058f41f7e5d912451b7058a [1ms]
2023-02-20 19:59:07.585 [info] > git config --get commit.template [1ms]
2023-02-20 19:59:07.593 [info] > git for-each-ref --format=%(refname)%00%(upstream:short)%00%(objectname)%00%(upstream:track)%00%(upstream:remotename)%00%(upstream:remoteref) refs/heads/main refs/remotes/main [1ms]
2023-02-20 19:59:07.604 [info] > git status -z -uall [5ms]
2023-02-20 19:59:07.605 [info] > git for-each-ref --sort -committerdate --format %(refname) %(objectname) %(*objectname) [1ms]
2023-02-20 19:59:09.309 [info] > git ls-files --stage -- /home/aarni/huhuu-dev/package-lock.json [1ms]
2023-02-20 19:59:09.320 [info] > git show --textconv :package-lock.json [25ms]
2023-02-20 19:59:09.321 [info] > git cat-file -s 3b5d40d6e6da14dabeabaa37791123eb4f8b36f5 [2ms]
2023-02-20 19:59:23.029 [info] > git config --get commit.template [2ms]
2023-02-20 19:59:23.039 [info] > git for-each-ref --format=%(refname)%00%(upstream:short)%00%(objectname)%00%(upstream:track)%00%(upstream:remotename)%00%(upstream:remoteref) refs/heads/main refs/remotes/main [1ms]
2023-02-20 19:59:23.049 [info] > git status -z -uall [5ms]
2023-02-20 19:59:23.050 [info] > git for-each-ref --sort -committerdate --format %(refname) %(objectname) %(*objectname) [1ms]
2023-02-20 19:59:39.203 [info] > git config --get commit.template [1ms]
2023-02-20 19:59:39.212 [info] > git for-each-ref --format=%(refname)%00%(upstream:short)%00%(objectname)%00%(upstream:track)%00%(upstream:remotename)%00%(upstream:remoteref) refs/heads/main refs/remotes/main [0ms]
2023-02-20 19:59:39.226 [info] > git status -z -uall [8ms]
2023-02-20 19:59:39.226 [info] > git for-each-ref --sort -committerdate --format %(refname) %(objectname) %(*objectname) [1ms]
2023-02-20 19:59:53.129 [info] > git config --get commit.template [0ms]
2023-02-20 19:59:53.137 [info] > git for-each-ref --format=%(refname)%00%(upstream:short)%00%(objectname)%00%(upstream:track)%00%(upstream:remotename)%00%(upstream:remoteref) refs/heads/main refs/remotes/main [1ms]
2023-02-20 19:59:53.153 [info] > git status -z -uall [8ms]
2023-02-20 19:59:53.154 [info] > git for-each-ref --sort -committerdate --format %(refname) %(objectname) %(*objectname) [1ms]
2023-02-20 19:59:58.166 [info] > git config --get commit.template [1ms]
2023-02-20 19:59:58.176 [info] > git for-each-ref --format=%(refname)%00%(upstream:short)%00%(objectname)%00%(upstream:track)%00%(upstream:remotename)%00%(upstream:remoteref) refs/heads/main refs/remotes/main [1ms]
2023-02-20 19:59:58.192 [info] > git status -z -uall [7ms]
2023-02-20 19:59:58.193 [info] > git for-each-ref --sort -committerdate --format %(refname) %(objectname) %(*objectname) [1ms]
2023-02-20 20:00:03.204 [info] > git config --get commit.template [0ms]
2023-02-20 20:00:03.209 [info] > git for-each-ref --format=%(refname)%00%(upstream:short)%00%(objectname)%00%(upstream:track)%00%(upstream:remotename)%00%(upstream:remoteref) refs/heads/main refs/remotes/main [1ms]
2023-02-20 20:00:03.223 [info] > git status -z -uall [7ms]
2023-02-20 20:00:03.223 [info] > git for-each-ref --sort -committerdate --format %(refname) %(objectname) %(*objectname) [1ms]
2023-02-20 20:02:09.372 [info] > git config --get commit.template [8ms]
2023-02-20 20:02:09.372 [info] > git for-each-ref --format=%(refname)%00%(upstream:short)%00%(objectname)%00%(upstream:track)%00%(upstream:remotename)%00%(upstream:remoteref) refs/heads/main refs/remotes/main [0ms]
2023-02-20 20:02:09.384 [info] > git status -z -uall [5ms]
2023-02-20 20:02:09.384 [info] > git for-each-ref --sort -committerdate --format %(refname) %(objectname) %(*objectname) [1ms]
2023-02-20 20:03:41.801 [info] > git show --textconv :tsconfig.json [10ms]
2023-02-20 20:03:41.802 [info] > git ls-files --stage -- /home/aarni/huhuu-dev/tsconfig.json [0ms]
2023-02-20 20:03:41.810 [info] > git cat-file -s 3fd7ae6e839e29e6d238d064adbb474d5c4a387e [1ms]
2023-02-20 20:03:47.913 [info] > git config --get commit.template [1ms]
2023-02-20 20:03:47.920 [info] > git for-each-ref --format=%(refname)%00%(upstream:short)%00%(objectname)%00%(upstream:track)%00%(upstream:remotename)%00%(upstream:remoteref) refs/heads/main refs/remotes/main [1ms]
2023-02-20 20:03:47.933 [info] > git status -z -uall [8ms]
2023-02-20 20:03:47.934 [info] > git for-each-ref --sort -committerdate --format %(refname) %(objectname) %(*objectname) [2ms]
2023-02-20 20:04:00.216 [info] > git config --get commit.template [0ms]
2023-02-20 20:04:00.225 [info] > git for-each-ref --format=%(refname)%00%(upstream:short)%00%(objectname)%00%(upstream:track)%00%(upstream:remotename)%00%(upstream:remoteref) refs/heads/main refs/remotes/main [1ms]
2023-02-20 20:04:00.236 [info] > git status -z -uall [7ms]
2023-02-20 20:04:00.237 [info] > git for-each-ref --sort -committerdate --format %(refname) %(objectname) %(*objectname) [1ms]
2023-02-20 20:04:15.856 [info] > git config --get commit.template [1ms]
2023-02-20 20:04:15.861 [info] > git for-each-ref --format=%(refname)%00%(upstream:short)%00%(objectname)%00%(upstream:track)%00%(upstream:remotename)%00%(upstream:remoteref) refs/heads/main refs/remotes/main [1ms]
2023-02-20 20:04:15.879 [info] > git status -z -uall [10ms]
2023-02-20 20:04:15.879 [info] > git for-each-ref --sort -committerdate --format %(refname) %(objectname) %(*objectname) [1ms]
2023-02-20 20:04:35.137 [info] > git config --get commit.template [0ms]
2023-02-20 20:04:35.142 [info] > git for-each-ref --format=%(refname)%00%(upstream:short)%00%(objectname)%00%(upstream:track)%00%(upstream:remotename)%00%(upstream:remoteref) refs/heads/main refs/remotes/main [1ms]
2023-02-20 20:04:35.156 [info] > git status -z -uall [7ms]
2023-02-20 20:04:35.156 [info] > git for-each-ref --sort -committerdate --format %(refname) %(objectname) %(*objectname) [1ms]
2023-02-20 20:04:39.587 [info] > git show --textconv :src/components/ThemeToggle.astro [11ms]
2023-02-20 20:04:39.588 [info] > git ls-files --stage -- /home/aarni/huhuu-dev/src/components/ThemeToggle.astro [2ms]
2023-02-20 20:04:39.845 [info] > git check-ignore -v -z --stdin [1ms]
2023-02-20 20:04:41.067 [info] > git config --get commit.template [0ms]
2023-02-20 20:04:41.078 [info] > git for-each-ref --format=%(refname)%00%(upstream:short)%00%(objectname)%00%(upstream:track)%00%(upstream:remotename)%00%(upstream:remoteref) refs/heads/main refs/remotes/main [1ms]
2023-02-20 20:04:41.095 [info] > git status -z -uall [8ms]
2023-02-20 20:04:41.096 [info] > git for-each-ref --sort -committerdate --format %(refname) %(objectname) %(*objectname) [1ms]
2023-02-20 20:04:48.863 [info] > git config --get commit.template [1ms]
2023-02-20 20:04:48.872 [info] > git for-each-ref --format=%(refname)%00%(upstream:short)%00%(objectname)%00%(upstream:track)%00%(upstream:remotename)%00%(upstream:remoteref) refs/heads/main refs/remotes/main [1ms]
2023-02-20 20:04:48.889 [info] > git status -z -uall [9ms]
2023-02-20 20:04:48.890 [info] > git for-each-ref --sort -committerdate --format %(refname) %(objectname) %(*objectname) [1ms]
2023-02-20 20:05:01.069 [info] > git config --get commit.template [5ms]
2023-02-20 20:05:01.070 [info] > git for-each-ref --format=%(refname)%00%(upstream:short)%00%(objectname)%00%(upstream:track)%00%(upstream:remotename)%00%(upstream:remoteref) refs/heads/main refs/remotes/main [1ms]
2023-02-20 20:05:01.085 [info] > git status -z -uall [7ms]
2023-02-20 20:05:01.086 [info] > git for-each-ref --sort -committerdate --format %(refname) %(objectname) %(*objectname) [1ms]
2023-02-20 20:05:21.588 [info] > git config --get commit.template [1ms]
2023-02-20 20:05:21.598 [info] > git for-each-ref --format=%(refname)%00%(upstream:short)%00%(objectname)%00%(upstream:track)%00%(upstream:remotename)%00%(upstream:remoteref) refs/heads/main refs/remotes/main [1ms]
2023-02-20 20:05:21.617 [info] > git status -z -uall [10ms]
2023-02-20 20:05:21.618 [info] > git for-each-ref --sort -committerdate --format %(refname) %(objectname) %(*objectname) [0ms]
2023-02-20 20:20:57.623 [info] > git config --get commit.template [5ms]
2023-02-20 20:20:57.623 [info] > git for-each-ref --format=%(refname)%00%(upstream:short)%00%(objectname)%00%(upstream:track)%00%(upstream:remotename)%00%(upstream:remoteref) refs/heads/main refs/remotes/main [0ms]
2023-02-20 20:20:57.632 [info] > git status -z -uall [5ms]
2023-02-20 20:20:57.633 [info] > git for-each-ref --sort -committerdate --format %(refname) %(objectname) %(*objectname) [1ms]
