2023-02-19 17:47:33.091 [info] Log level: Info
2023-02-19 17:47:33.091 [info] Validating found git in: "git"
2023-02-19 17:47:33.091 [info] Using git "2.39.2" from "git"
2023-02-19 17:47:33.091 [info] > git rev-parse --show-toplevel [2ms]
2023-02-19 17:47:33.091 [info] > git rev-parse --git-dir --git-common-dir [1ms]
2023-02-19 17:47:33.091 [info] Open repository: /home/aarni/huhuu-dev
2023-02-19 17:47:33.091 [info] > git rev-parse --show-toplevel [3ms]
2023-02-19 17:47:33.091 [info] > git config --get commit.template [3ms]
2023-02-19 17:47:33.091 [info] > git rev-parse --show-toplevel [1ms]
2023-02-19 17:47:33.091 [info] > git for-each-ref --format=%(refname)%00%(upstream:short)%00%(objectname)%00%(upstream:track)%00%(upstream:remotename)%00%(upstream:remoteref) refs/heads/main refs/remotes/main [1ms]
2023-02-19 17:47:33.091 [info] > git rev-parse --show-toplevel [11ms]
2023-02-19 17:47:33.091 [info] > git status -z -uall [8ms]
2023-02-19 17:47:33.091 [info] > git rev-parse --show-toplevel [2ms]
2023-02-19 17:47:33.091 [info] > git for-each-ref --sort -committerdate --format %(refname) %(objectname) %(*objectname) [7ms]
2023-02-19 17:47:33.091 [info] > git rev-parse --show-toplevel [12ms]
2023-02-19 17:47:33.091 [info] > git rev-parse --show-toplevel [2ms]
2023-02-19 17:47:33.091 [info] > git config --get commit.template [4ms]
2023-02-19 17:47:33.091 [info] > git for-each-ref --format=%(refname)%00%(upstream:short)%00%(objectname)%00%(upstream:track)%00%(upstream:remotename)%00%(upstream:remoteref) refs/heads/main refs/remotes/main [1ms]
2023-02-19 17:47:33.091 [info] > git status -z -uall [3ms]
2023-02-19 17:47:33.091 [info] > git for-each-ref --sort -committerdate --format %(refname) %(objectname) %(*objectname) [1ms]
2023-02-19 17:47:33.440 [info] > git check-ignore -v -z --stdin [1ms]
2023-02-19 17:47:33.643 [info] > git show --textconv :src/components/Footer2.astro [3ms]
2023-02-19 17:47:33.644 [info] > git ls-files --stage -- /home/aarni/huhuu-dev/src/components/Footer2.astro [1ms]
2023-02-19 17:47:33.647 [info] > git cat-file -s ebf6ce0c682dcc451dde6e0a4b23e04d55c45bee [1ms]
