2023-02-19 18:49:47.179 [info] Reading sessions from keychain...
2023-02-19 18:49:47.179 [info] Getting sessions for read:user...
2023-02-19 18:49:47.179 [info] Got 0 sessions for read:user...
2023-02-19 18:49:47.798 [info] Getting sessions for all scopes...
2023-02-19 18:49:47.799 [info] Got 0 sessions for ...
2023-02-19 18:49:47.865 [info] Getting sessions for user:email...
2023-02-19 18:49:47.865 [info] Got 0 sessions for user:email...
2023-02-19 18:49:47.928 [info] Getting sessions for all scopes...
2023-02-19 18:49:47.928 [info] Got 0 sessions for ...
2023-02-19 18:50:11.533 [info] Getting sessions for read:user...
2023-02-19 18:50:11.533 [info] Got 0 sessions for read:user...
2023-02-19 18:50:12.785 [info] Logging in for the following scopes: read:user
2023-02-19 18:50:12.786 [info] Trying without local server... (read:user)
2023-02-19 18:50:15.595 [info] Exchanging code for token...
2023-02-19 18:50:16.210 [info] Token exchange success!
2023-02-19 18:50:16.212 [info] Getting user info...
2023-02-19 18:50:16.558 [info] Got account info!
2023-02-19 18:50:16.559 [info] Storing 1 sessions...
2023-02-19 18:50:16.592 [info] Reading sessions from keychain...
2023-02-19 18:50:16.592 [info] Stored 1 sessions!
2023-02-19 18:50:16.592 [info] Login success!
2023-02-19 18:50:16.593 [info] Getting sessions for user:email...
2023-02-19 18:50:16.605 [info] Got stored sessions!
2023-02-19 18:50:16.606 [info] Got 1 verified sessions.
2023-02-19 18:50:16.606 [info] Got 0 sessions for user:email...
2023-02-19 18:50:16.607 [info] Getting sessions for read:user...
2023-02-19 18:50:16.607 [info] Got 1 sessions for read:user...
2023-02-19 18:50:17.274 [info] Getting user info...
2023-02-19 18:50:17.607 [info] Got account info!
2023-02-19 19:15:17.093 [info] Getting sessions for read:user...
2023-02-19 19:15:17.093 [info] Got 1 sessions for read:user...
2023-02-19 19:40:17.555 [info] Getting sessions for read:user...
2023-02-19 19:40:17.555 [info] Got 1 sessions for read:user...
2023-02-19 20:05:16.296 [info] Getting sessions for all scopes...
2023-02-19 20:05:16.296 [info] Got 1 sessions for ...
2023-02-19 20:05:16.332 [info] Getting sessions for read:user,repo,user:email...
2023-02-19 20:05:16.333 [info] Got 0 sessions for read:user,repo,user:email...
2023-02-19 20:05:18.003 [info] Getting sessions for read:user...
2023-02-19 20:05:18.003 [info] Got 1 sessions for read:user...
2023-02-19 20:05:44.796 [info] Reading sessions from keychain...
2023-02-19 20:05:44.796 [info] Got stored sessions!
2023-02-19 20:05:44.796 [info] Got 1 verified sessions.
2023-02-19 20:05:44.796 [info] Getting sessions for read:user...
2023-02-19 20:05:44.796 [info] Got 1 sessions for read:user...
2023-02-19 20:05:44.915 [info] Getting sessions for all scopes...
2023-02-19 20:05:44.915 [info] Got 1 sessions for ...
2023-02-19 20:05:44.975 [info] Getting sessions for user:email...
2023-02-19 20:05:44.975 [info] Got 0 sessions for user:email...
2023-02-19 20:05:45.044 [info] Getting sessions for all scopes...
2023-02-19 20:05:45.044 [info] Got 1 sessions for ...
2023-02-19 20:05:46.531 [info] Getting user info...
2023-02-19 20:05:46.816 [info] Got account info!
2023-02-19 20:06:02.115 [info] Getting sessions for repo...
2023-02-19 20:06:02.115 [info] Got 0 sessions for repo...
2023-02-19 20:30:45.294 [info] Getting sessions for read:user...
2023-02-19 20:30:45.294 [info] Got 1 sessions for read:user...
2023-02-19 20:55:45.743 [info] Getting sessions for read:user...
2023-02-19 20:55:45.743 [info] Got 1 sessions for read:user...
