Successfully initialized! 🚀
TypeError: Cannot read properties of undefined (reading 'astro.typescript')
    at um.getConfig (/home/aarni/.vscode/extensions/astro-build.astro-vscode-0.28.2-linux-x64/dist/node/server.js:37:3017)
    at async u5 (/home/aarni/.vscode/extensions/astro-build.astro-vscode-0.28.2-linux-x64/dist/node/server.js:615:1550)
/home/aarni/.vscode/extensions/astro-build.astro-vscode-0.28.2-linux-x64/dist/node/server.js:37
`)}ve.modifyLines=VE;function KE(t,e,n){return Math.max(e,Math.min(n,t))}ve.clamp=KE;function GE(t){return t!=null}ve.isNotNullOrUndefined=GE;function JE(t,e){return lm(t.end,e)&&lm(e,t.start)}ve.isInRange=JE;function lm(t,e){return e.line<t.line||e.line===t.line&&e.character<=t.character}ve.isBeforeOrEqualToPosition=lm;function XE(t,e,n){n===void 0?n=t.length:n<0&&(n=0);let r=t.substring(0,n+1),i=-1,s=null;for(;(s=e.exec(r))!==null;)i=s.index;return i}ve.regexLastIndexOf=XE;function YE(t,e){let n=[],r;for(;r=t.exec(e);)n.push(r);return n}ve.getRegExpMatches=YE;function QE(t,e,n){let r,i;return s=>{e(s,i)&&clearTimeout(r),i=s,r=setTimeout(()=>{t(s),i=void 0},n)}}ve.debounceSameArg=QE;function ZE(t,e){let n,r=Date.now()-e;function i(...s){clearTimeout(n),n=setTimeout(()=>{if(Date.now()-r<e){i(...s);return}t(...s),r=Date.now()},e)}return i}ve.debounceThrottle=ZE;function eA(t){try{let e=require.resolve("./package.json",{paths:[t]}),n=Object.assign(require(e).dependencies??{},require(e).devDependencies??{});if(Object.keys(n).includes("astro"))return!0}catch{return!1}return!1}ve.isAstroWorkspace=eA;function tA(t){let e,n;try{if(e=(0,Qw.getPackagePath)("astro",t),!e)throw Error;n=require(e+"/package.json").version}catch{try{if(e=(0,Qw.getPackagePath)("./packages/astro",t),!e)throw Error;n=require(e+"/package.json").version}catch{console.error(`${t[0]} seems to be an Astro project, but we couldn't find Astro or Astro is not installed`);return}}let[r,i,s]=n.split(".");return s.includes("-")&&(s=s.split("-")[0]),{path:e,version:{full:n,major:Number(r),minor:Number(i),patch:Number(s)}}}ve.getAstroInstall=tA});var ey=I(bi=>{"use strict";Object.defineProperty(bi,"__esModule",{value:!0});bi.ConfigManager=bi.defaultLSConfig=void 0;var cm=Qe();bi.defaultLSConfig={typescript:{enabled:!0,allowArbitraryAttributes:!1,diagnostics:{enabled:!0},hover:{enabled:!0},completions:{enabled:!0},definitions:{enabled:!0},documentSymbols:{enabled:!0},codeActions:{enabled:!0},rename:{enabled:!0},signatureHelp:{enabled:!0},semanticTokens:{enabled:!0}},css:{enabled:!0,hover:{enabled:!0},completions:{enabled:!0,emmet:!0},documentColors:{enabled:!0},documentSymbols:{enabled:!0}},html:{enabled:!0,hover:{enabled:!0},completions:{enabled:!0,emmet:!0},tagComplete:{enabled:!0},documentSymbols:{enabled:!0}},format:{indentFrontmatter:!1,newLineAfterFrontmatter:!0}};var um=class{constructor(e,n){this.connection=e,this.hasConfigurationCapability=n,this.globalConfig={astro:bi.defaultLSConfig},this.documentSettings={},this.shouldRefreshTSServices=!1,this.isTrusted=!0}updateConfig(){this.documentSettings={},this.shouldRefreshTSServices=!0}removeDocument(e){delete this.documentSettings[e]}async getConfig(e,n){return!this.connection||!this.hasConfigurationCapability?(0,cm.get)(this.globalConfig,e)??{}:(this.documentSettings[n]||(this.documentSettings[n]={}),this.documentSettings[n][e]||(this.documentSettings[n][e]=await this.connection.workspace.getConfiguration({scopeUri:n,section:e})),this.documentSettings[n][e])}async getEmmetConfig(e){let n=await this.getConfig("emmet",e.uri)??{};return{...n,preferences:n.preferences??{},showExpandedAbbreviation:n.showExpandedAbbreviation??"always",showAbbreviationSuggestions:n.showAbbreviationSuggestions??!0,syntaxProfiles:n.syntaxProfiles??{},variables:n.variables??{},excludeLanguages:n.excludeLanguages??[],showSuggestionsAsSnippets:n.showSuggestionsAsSnippets??!1}}async getPrettierVSConfig(e){return await this.getConfig("prettier",e.uri)??{}}async getTSFormatConfig(e,n){let r=await this.getConfig("typescript.format",e.uri)??{};return{tabSize:n?.tabSize,indentSize:n?.tabSize,convertTabsToSpaces:n?.insertSpaces,newLineCharacter:`
                                                                                                                                                                                                                                                                                                                                                                                                                                                                                                                                                                                                                                                                                                                                                                                                                                                                                                                                                                                                                                                            

TypeError: Cannot read properties of undefined (reading 'astro.typescript')
    at um.getConfig (/home/aarni/.vscode/extensions/astro-build.astro-vscode-0.28.2-linux-x64/dist/node/server.js:37:3017)
    at async u5 (/home/aarni/.vscode/extensions/astro-build.astro-vscode-0.28.2-linux-x64/dist/node/server.js:615:1550)
[Info  - 6:50:08 PM] Connection to server got closed. Server will restart.
Successfully initialized! 🚀
TypeError: Cannot read properties of undefined (reading 'astro.typescript')
    at um.getConfig (/home/aarni/.vscode/extensions/astro-build.astro-vscode-0.28.2-linux-x64/dist/node/server.js:37:3017)
    at async u5 (/home/aarni/.vscode/extensions/astro-build.astro-vscode-0.28.2-linux-x64/dist/node/server.js:615:1550)
    at async KC (/home/aarni/.vscode/extensions/astro-build.astro-vscode-0.28.2-linux-x64/dist/node/server.js:615:1330)
    at async Lb.getLSForPath (/home/aarni/.vscode/extensions/astro-build.astro-vscode-0.28.2-linux-x64/dist/node/server.js:615:7329)
    at async Lb.getLSAndTSDoc (/home/aarni/.vscode/extensions/astro-build.astro-vscode-0.28.2-linux-x64/dist/node/server.js:615:7208)
    at async mb.getFoldingRanges (/home/aarni/.vscode/extensions/astro-build.astro-vscode-0.28.2-linux-x64/dist/node/server.js:609:3250)
    at async eb.tryExecutePlugin (/home/aarni/.vscode/extensions/astro-build.astro-vscode-0.28.2-linux-x64/dist/node/server.js:583:24975)
    at async Promise.all (index 3)
    at async eb.execute (/home/aarni/.vscode/extensions/astro-build.astro-vscode-0.28.2-linux-x64/dist/node/server.js:583:24779)
    at async eb.getFoldingRanges (/home/aarni/.vscode/extensions/astro-build.astro-vscode-0.28.2-linux-x64/dist/node/server.js:583:22509)
Scanner.scan has not advanced at offset 561, state before: 10 after: 4
Scanner.scan has not advanced at offset 561, state before: 10 after: 4
Scanner.scan has not advanced at offset 561, state before: 10 after: 4
Scanner.scan has not advanced at offset 562, state before: 10 after: 4
Scanner.scan has not advanced at offset 562, state before: 10 after: 4
Scanner.scan has not advanced at offset 562, state before: 10 after: 4
Scanner.scan has not advanced at offset 561, state before: 10 after: 4
Scanner.scan has not advanced at offset 561, state before: 10 after: 4
Scanner.scan has not advanced at offset 561, state before: 10 after: 4
Scanner.scan has not advanced at offset 572, state before: 10 after: 4
Scanner.scan has not advanced at offset 572, state before: 10 after: 4
Scanner.scan has not advanced at offset 572, state before: 10 after: 4
Scanner.scan has not advanced at offset 561, state before: 10 after: 4
Scanner.scan has not advanced at offset 561, state before: 10 after: 4
