2023-02-20T17:54:37.588Z extension.ts INFO  activate extension called []

2023-02-20T17:54:37.589Z telemetry INFO  TELEMETRY key received [ 'string' ]

2023-02-20T17:54:37.589Z LanguageServerController INFO  Creating MongoDB Language Server [
  {
    serverOptions: { run: [Object], debug: [Object] },
    clientOptions: {
      documentSelector: [Array],
      synchronize: [Object],
      outputChannel: [Object]
    }
  }
]

2023-02-20T17:54:37.591Z explorer controller INFO  activate explorer controller []

2023-02-20T17:54:37.591Z help and info explorer controller INFO  activate help explorer []

2023-02-20T17:54:37.591Z explorer controller INFO  activate playgrounds explorer []

2023-02-20T17:54:37.591Z playground controller INFO  Active editor path [ '/home/aarni/huhuu-dev/package-lock.json' ]

2023-02-20T17:54:37.591Z editors controller INFO  activating... []

2023-02-20T17:54:37.591Z editors controller INFO  activated. []

2023-02-20T17:54:37.592Z telemetry INFO  TELEMETRY identify [ { anonymousId: '33c43185-c81b-44c3-8a51-903f4f782cfb' } ]

2023-02-20T17:54:37.847Z commands INFO  Registering commands... []

2023-02-20T17:54:37.847Z commands INFO  Registered commands. []

2023-02-20T17:54:37.847Z extension.ts INFO  extension activated []

2023-02-20T17:54:38.109Z playground controller INFO  Active editor path [ undefined ]

2023-02-20T17:54:38.141Z playground controller INFO  Active editor path [ '/home/aarni/huhuu-dev/tailwind.config.cjs' ]

2023-02-20T17:54:41.866Z playground controller INFO  Active editor path [ undefined ]

2023-02-20T17:54:41.917Z playground controller INFO  Active editor path [ '/home/aarni/huhuu-dev/astro.config.mjs' ]

2023-02-20T17:55:14.894Z playground controller INFO  Active editor path [ undefined ]

2023-02-20T17:55:14.914Z playground controller INFO  Active editor path [ '/home/aarni/huhuu-dev/src/components/Navigation.astro' ]

2023-02-20T17:55:40.277Z playground controller INFO  Active editor path [ undefined ]

2023-02-20T17:55:40.306Z playground controller INFO  Active editor path [ '/home/aarni/huhuu-dev/src/components/ThemeToggle.tsx' ]

2023-02-20T17:55:53.147Z playground controller INFO  Active editor path [ undefined ]

2023-02-20T17:55:53.199Z playground controller INFO  Active editor path [ '/home/aarni/huhuu-dev/src/components/ThemeToggle.jsx' ]

2023-02-20T17:56:02.872Z playground controller INFO  Active editor path [ undefined ]

2023-02-20T17:56:02.920Z playground controller INFO  Active editor path [ '/home/aarni/huhuu-dev/src/components/ThemeToggle.tsx' ]

2023-02-20T17:58:59.244Z playground controller INFO  Active editor path [ undefined ]

2023-02-20T17:58:59.292Z playground controller INFO  Active editor path [ '/home/aarni/huhuu-dev/package.json' ]

2023-02-20T17:59:00.084Z playground controller INFO  Active editor path [ undefined ]

2023-02-20T17:59:00.154Z playground controller INFO  Active editor path [ '/home/aarni/huhuu-dev/package-lock.json' ]

2023-02-20T17:59:00.907Z playground controller INFO  Active editor path [ undefined ]

2023-02-20T17:59:00.954Z playground controller INFO  Active editor path [ '/home/aarni/huhuu-dev/package.json' ]

2023-02-20T17:59:06.491Z telemetry INFO  TELEMETRY track [
  {
    anonymousId: '33c43185-c81b-44c3-8a51-903f4f782cfb',
    event: 'Command Run',
    properties: { command: 'mdb.saveMongoDBDocument', extension_version: '0.10.0' }
  }
]

2023-02-20T17:59:09.022Z playground controller INFO  Active editor path [ undefined ]

2023-02-20T17:59:09.087Z playground controller INFO  Active editor path [ '/home/aarni/huhuu-dev/package-lock.json' ]

2023-02-20T17:59:18.013Z telemetry ERROR TELEMETRY track error [
  Error: connect ECONNREFUSED 0.0.0.0:443
      at TCPConnectWrap.afterConnect [as oncomplete] (node:net:1157:16) {
    errno: -111,
    code: 'ECONNREFUSED',
    syscall: 'connect',
    address: '0.0.0.0',
    port: 443,
    config: {
      url: 'https://api.segment.io/v1/batch',
      method: 'post',
      data: '{"batch":[{"anonymousId":"33c43185-c81b-44c3-8a51-903f4f782cfb","event":"Command Run","properties":{"command":"mdb.saveMongoDBDocument","extension_version":"0.10.0"},"type":"track","context":{"library":{"name":"analytics-node","version":"5.1.2"}},"_metadata":{"nodeVersion":"16.14.2"},"timestamp":"2023-02-20T17:59:06.492Z","messageId":"node-f2e5b38527a225f7499ab641529a08c6-416c5976-bcc9-41e0-b98a-731082b7fef3"}],"timestamp":"2023-02-20T17:59:16.493Z","sentAt":"2023-02-20T17:59:16.493Z"}',
      headers: [Object],
      auth: [Object],
      transformRequest: [Array],
      transformResponse: [Array],
      timeout: 0,
      adapter: [Function (anonymous)],
      xsrfCookieName: 'XSRF-TOKEN',
      xsrfHeaderName: 'X-XSRF-TOKEN',
      maxContentLength: -1,
      maxBodyLength: -1,
      validateStatus: [Function: validateStatus],
      transitional: [Object],
      'axios-retry': [Object]
    },
    request: Writable {
      _writableState: [WritableState],
      _events: [Object: null prototype],
      _eventsCount: 2,
      _maxListeners: undefined,
      _options: [Object],
      _ended: false,
      _ending: true,
      _redirectCount: 0,
      _redirects: [],
      _requestBodyLength: 490,
      _requestBodyBuffers: [Array],
      _onNativeResponse: [Function (anonymous)],
      _currentRequest: [ClientRequest],
      _currentUrl: 'https://VWJrDeVjxalDf3Gd64QR89iapAFopPnu:@api.segment.io/v1/batch',
      [Symbol(kCapture)]: false
    },
    response: undefined,
    isAxiosError: true,
    toJSON: [Function (anonymous)]
  }
]

2023-02-20T17:59:18.013Z telemetry INFO  TELEMETRY track done []

2023-02-20T17:59:18.013Z telemetry ERROR TELEMETRY track error [
  Error: connect ECONNREFUSED 0.0.0.0:443
      at TCPConnectWrap.afterConnect [as oncomplete] (node:net:1157:16) {
    errno: -111,
    code: 'ECONNREFUSED',
    syscall: 'connect',
    address: '0.0.0.0',
    port: 443,
    config: {
      url: 'https://api.segment.io/v1/batch',
      method: 'post',
      data: '{"batch":[{"anonymousId":"33c43185-c81b-44c3-8a51-903f4f782cfb","event":"Command Run","properties":{"command":"mdb.saveMongoDBDocument","extension_version":"0.10.0"},"type":"track","context":{"library":{"name":"analytics-node","version":"5.1.2"}},"_metadata":{"nodeVersion":"16.14.2"},"timestamp":"2023-02-20T17:59:06.492Z","messageId":"node-f2e5b38527a225f7499ab641529a08c6-416c5976-bcc9-41e0-b98a-731082b7fef3"}],"timestamp":"2023-02-20T17:59:16.493Z","sentAt":"2023-02-20T17:59:16.493Z"}',
      headers: [Object],
      auth: [Object],
      transformRequest: [Array],
      transformResponse: [Array],
      timeout: 0,
      adapter: [Function (anonymous)],
      xsrfCookieName: 'XSRF-TOKEN',
      xsrfHeaderName: 'X-XSRF-TOKEN',
      maxContentLength: -1,
      maxBodyLength: -1,
      validateStatus: [Function: validateStatus],
      transitional: [Object],
      'axios-retry': [Object]
    },
    request: Writable {
      _writableState: [WritableState],
      _events: [Object: null prototype],
      _eventsCount: 2,
      _maxListeners: undefined,
      _options: [Object],
      _ended: false,
      _ending: true,
      _redirectCount: 0,
      _redirects: [],
      _requestBodyLength: 490,
      _requestBodyBuffers: [Array],
      _onNativeResponse: [Function (anonymous)],
      _currentRequest: [ClientRequest],
      _currentUrl: 'https://VWJrDeVjxalDf3Gd64QR89iapAFopPnu:@api.segment.io/v1/batch',
      [Symbol(kCapture)]: false
    },
    response: undefined,
    isAxiosError: true,
    toJSON: [Function (anonymous)]
  }
]

2023-02-20T17:59:18.013Z telemetry INFO  TELEMETRY track done []

2023-02-20T17:59:24.848Z playground controller INFO  Active editor path [ undefined ]

2023-02-20T17:59:24.864Z playground controller INFO  Active editor path [ '/home/aarni/huhuu-dev/package.json' ]

2023-02-20T17:59:25.502Z playground controller INFO  Active editor path [ undefined ]

2023-02-20T17:59:25.518Z playground controller INFO  Active editor path [ '/home/aarni/huhuu-dev/tailwind.config.cjs' ]

2023-02-20T17:59:28.344Z playground controller INFO  Active editor path [ undefined ]

2023-02-20T17:59:28.367Z playground controller INFO  Active editor path [ '/home/aarni/huhuu-dev/package-lock.json' ]

2023-02-20T17:59:29.191Z playground controller INFO  Active editor path [ undefined ]

2023-02-20T17:59:29.209Z playground controller INFO  Active editor path [ '/home/aarni/huhuu-dev/package.json' ]

2023-02-20T17:59:34.953Z playground controller INFO  Active editor path [ undefined ]

2023-02-20T17:59:34.977Z playground controller INFO  Active editor path [ '/home/aarni/huhuu-dev/astro.config.mjs' ]

2023-02-20T18:01:36.647Z playground controller INFO  Active editor path [ undefined ]

2023-02-20T18:01:36.667Z playground controller INFO  Active editor path [ '/home/aarni/huhuu-dev/tailwind.config.cjs' ]

2023-02-20T18:01:53.967Z playground controller INFO  Active editor path [ undefined ]

2023-02-20T18:01:53.987Z playground controller INFO  Active editor path [ '/home/aarni/huhuu-dev/src/components/Navigation.astro' ]

2023-02-20T18:01:58.241Z playground controller INFO  Active editor path [ undefined ]

2023-02-20T18:01:58.285Z playground controller INFO  Active editor path [ '/home/aarni/huhuu-dev/src/layouts/Layout.astro' ]

2023-02-20T18:03:41.100Z playground controller INFO  Active editor path [ undefined ]

2023-02-20T18:03:41.120Z playground controller INFO  Active editor path [ '/home/aarni/huhuu-dev/tailwind.config.cjs' ]

2023-02-20T18:03:41.539Z playground controller INFO  Active editor path [ undefined ]

2023-02-20T18:03:41.577Z playground controller INFO  Active editor path [ '/home/aarni/huhuu-dev/tsconfig.json' ]

2023-02-20T18:03:48.379Z playground controller INFO  Active editor path [ undefined ]

2023-02-20T18:03:48.400Z playground controller INFO  Active editor path [ '/home/aarni/huhuu-dev/tailwind.config.cjs' ]

2023-02-20T18:03:50.326Z playground controller INFO  Active editor path [ undefined ]

2023-02-20T18:03:50.342Z playground controller INFO  Active editor path [ '/home/aarni/huhuu-dev/package.json' ]

2023-02-20T18:03:51.151Z playground controller INFO  Active editor path [ undefined ]

2023-02-20T18:03:51.171Z playground controller INFO  Active editor path [ '/home/aarni/huhuu-dev/astro.config.mjs' ]

2023-02-20T18:04:25.025Z playground controller INFO  Active editor path [ undefined ]

2023-02-20T18:04:25.044Z playground controller INFO  Active editor path [ '/home/aarni/huhuu-dev/src/components/ThemeToggle.tsx' ]

2023-02-20T18:04:39.285Z playground controller INFO  Active editor path [ undefined ]

2023-02-20T18:04:39.339Z playground controller INFO  Active editor path [ '/home/aarni/huhuu-dev/src/components/ThemeToggle.astro' ]

2023-02-20T18:04:47.776Z playground controller INFO  Active editor path [ undefined ]

2023-02-20T18:04:47.803Z playground controller INFO  Active editor path [ '/home/aarni/huhuu-dev/astro.config.mjs' ]

2023-02-20T18:04:55.861Z playground controller INFO  Active editor path [ undefined ]

2023-02-20T18:04:55.885Z playground controller INFO  Active editor path [ '/home/aarni/huhuu-dev/tailwind.config.cjs' ]

2023-02-20T18:05:03.661Z playground controller INFO  Active editor path [ undefined ]

2023-02-20T18:05:03.676Z playground controller INFO  Active editor path [ '/home/aarni/huhuu-dev/src/layouts/Layout.astro' ]

2023-02-20T18:05:14.550Z playground controller INFO  Active editor path [ undefined ]

2023-02-20T18:05:14.574Z playground controller INFO  Active editor path [ '/home/aarni/huhuu-dev/src/components/Navigation.astro' ]

2023-02-20T18:20:57.854Z connection controller INFO  Disconnect called, currently connected to: [ null ]

2023-02-20T18:20:57.855Z connection controller INFO  Disconnect called, currently connected to: [ null ]

