2023-02-20 17:10:55.921 [info] Log level: Info
2023-02-20 17:10:55.921 [info] Validating found git in: "git"
2023-02-20 17:10:55.921 [info] Using git "2.39.2" from "git"
2023-02-20 17:10:55.921 [info] > git rev-parse --show-toplevel [2ms]
2023-02-20 17:10:55.921 [info] > git rev-parse --git-dir --git-common-dir [0ms]
2023-02-20 17:10:55.921 [info] Open repository: /home/aarni/huhuu-dev
2023-02-20 17:10:55.921 [info] > git rev-parse --show-toplevel [2ms]
2023-02-20 17:10:55.921 [info] > git config --get commit.template [2ms]
2023-02-20 17:10:55.921 [info] > git rev-parse --show-toplevel [3ms]
2023-02-20 17:10:55.921 [info] > git for-each-ref --format=%(refname)%00%(upstream:short)%00%(objectname)%00%(upstream:track)%00%(upstream:remotename)%00%(upstream:remoteref) refs/heads/main refs/remotes/main [3ms]
2023-02-20 17:10:55.921 [info] > git status -z -uall [3ms]
2023-02-20 17:10:55.921 [info] > git rev-parse --show-toplevel [6ms]
2023-02-20 17:10:55.921 [info] > git for-each-ref --sort -committerdate --format %(refname) %(objectname) %(*objectname) [3ms]
2023-02-20 17:10:55.921 [info] > git rev-parse --show-toplevel [6ms]
2023-02-20 17:10:55.921 [info] > git rev-parse --show-toplevel [2ms]
2023-02-20 17:10:55.921 [info] > git config --get commit.template [6ms]
2023-02-20 17:10:55.921 [info] > git rev-parse --show-toplevel [4ms]
2023-02-20 17:10:55.921 [info] > git for-each-ref --format=%(refname)%00%(upstream:short)%00%(objectname)%00%(upstream:track)%00%(upstream:remotename)%00%(upstream:remoteref) refs/heads/main refs/remotes/main [1ms]
2023-02-20 17:10:55.921 [info] > git status -z -uall [3ms]
2023-02-20 17:10:55.921 [info] > git for-each-ref --sort -committerdate --format %(refname) %(objectname) %(*objectname) [3ms]
2023-02-20 17:10:56.209 [info] > git check-ignore -v -z --stdin [1ms]
2023-02-20 17:10:56.745 [info] > git show --textconv :src/layouts/NewsLayout.astro [4ms]
2023-02-20 17:10:56.746 [info] > git ls-files --stage -- /home/aarni/huhuu-dev/src/layouts/NewsLayout.astro [1ms]
2023-02-20 17:10:56.749 [info] > git cat-file -s 3ae45c91a21582af02f9fcaad14c7f128f5f8f56 [0ms]
