2023-02-19 18:49:47.066 [info] Log level: Info
2023-02-19 18:49:47.066 [info] Validating found git in: "git"
2023-02-19 18:49:47.066 [info] Using git "2.39.2" from "git"
2023-02-19 18:49:47.066 [info] > git rev-parse --show-toplevel [2ms]
2023-02-19 18:49:47.066 [info] > git rev-parse --git-dir --git-common-dir [0ms]
2023-02-19 18:49:47.066 [info] Open repository: /home/aarni/huhuu-dev
2023-02-19 18:49:47.066 [info] > git rev-parse --show-toplevel [3ms]
2023-02-19 18:49:47.066 [info] > git rev-parse --show-toplevel [2ms]
2023-02-19 18:49:47.066 [info] > git config --get commit.template [9ms]
2023-02-19 18:49:47.066 [info] > git rev-parse --show-toplevel [7ms]
2023-02-19 18:49:47.066 [info] > git rev-parse --show-toplevel [3ms]
2023-02-19 18:49:47.066 [info] > git for-each-ref --format=%(refname)%00%(upstream:short)%00%(objectname)%00%(upstream:track)%00%(upstream:remotename)%00%(upstream:remoteref) refs/heads/main refs/remotes/main [10ms]
2023-02-19 18:49:47.066 [info] > git status -z -uall [7ms]
2023-02-19 18:49:47.066 [info] > git for-each-ref --sort -committerdate --format %(refname) %(objectname) %(*objectname) [3ms]
2023-02-19 18:49:47.066 [info] > git rev-parse --show-toplevel [16ms]
2023-02-19 18:49:47.066 [info] > git rev-parse --show-toplevel [6ms]
2023-02-19 18:49:47.066 [info] > git config --get commit.template [4ms]
2023-02-19 18:49:47.066 [info] > git for-each-ref --format=%(refname)%00%(upstream:short)%00%(objectname)%00%(upstream:track)%00%(upstream:remotename)%00%(upstream:remoteref) refs/heads/main refs/remotes/main [7ms]
2023-02-19 18:49:47.079 [info] > git status -z -uall [7ms]
2023-02-19 18:49:47.080 [info] > git for-each-ref --sort -committerdate --format %(refname) %(objectname) %(*objectname) [3ms]
2023-02-19 18:49:47.421 [info] > git check-ignore -v -z --stdin [1ms]
2023-02-19 18:49:48.040 [info] > git show --textconv :src/components/Footer2.astro [4ms]
2023-02-19 18:49:48.041 [info] > git ls-files --stage -- /home/aarni/huhuu-dev/src/components/Footer2.astro [1ms]
2023-02-19 18:49:48.044 [info] > git cat-file -s ebf6ce0c682dcc451dde6e0a4b23e04d55c45bee [1ms]
2023-02-19 18:49:55.303 [info] > git show --textconv :src/components/Navigation.astro [4ms]
2023-02-19 18:49:55.303 [info] > git ls-files --stage -- /home/aarni/huhuu-dev/src/components/Navigation.astro [1ms]
2023-02-19 18:49:55.306 [info] > git cat-file -s 60b5c024b02c52df03570e2f5d6ec6b33953c032 [0ms]
2023-02-19 18:49:56.163 [info] > git show --textconv :src/components/Footer2.astro [5ms]
2023-02-19 18:49:56.164 [info] > git ls-files --stage -- /home/aarni/huhuu-dev/src/components/Footer2.astro [2ms]
2023-02-19 18:49:56.168 [info] > git cat-file -s ebf6ce0c682dcc451dde6e0a4b23e04d55c45bee [1ms]
2023-02-19 18:50:06.971 [info] > git config --get commit.template [1ms]
2023-02-19 18:50:06.976 [info] > git for-each-ref --format=%(refname)%00%(upstream:short)%00%(objectname)%00%(upstream:track)%00%(upstream:remotename)%00%(upstream:remoteref) refs/heads/main refs/remotes/main [1ms]
2023-02-19 18:50:06.985 [info] > git status -z -uall [5ms]
2023-02-19 18:50:06.986 [info] > git for-each-ref --sort -committerdate --format %(refname) %(objectname) %(*objectname) [2ms]
2023-02-19 18:50:12.029 [info] > git config --get commit.template [1ms]
2023-02-19 18:50:12.034 [info] > git for-each-ref --format=%(refname)%00%(upstream:short)%00%(objectname)%00%(upstream:track)%00%(upstream:remotename)%00%(upstream:remoteref) refs/heads/main refs/remotes/main [0ms]
2023-02-19 18:50:12.044 [info] > git status -z -uall [5ms]
2023-02-19 18:50:12.044 [info] > git for-each-ref --sort -committerdate --format %(refname) %(objectname) %(*objectname) [1ms]
2023-02-19 18:50:34.496 [info] > git config --get commit.template [1ms]
2023-02-19 18:50:34.500 [info] > git for-each-ref --format=%(refname)%00%(upstream:short)%00%(objectname)%00%(upstream:track)%00%(upstream:remotename)%00%(upstream:remoteref) refs/heads/main refs/remotes/main [1ms]
2023-02-19 18:50:34.506 [info] > git status -z -uall [4ms]
2023-02-19 18:50:34.507 [info] > git for-each-ref --sort -committerdate --format %(refname) %(objectname) %(*objectname) [0ms]
2023-02-19 18:50:47.200 [info] > git config --get commit.template [6ms]
2023-02-19 18:50:47.200 [info] > git for-each-ref --format=%(refname)%00%(upstream:short)%00%(objectname)%00%(upstream:track)%00%(upstream:remotename)%00%(upstream:remoteref) refs/heads/main refs/remotes/main [1ms]
2023-02-19 18:50:47.212 [info] > git status -z -uall [6ms]
2023-02-19 18:50:47.213 [info] > git for-each-ref --sort -committerdate --format %(refname) %(objectname) %(*objectname) [1ms]
2023-02-19 18:50:52.555 [info] > git config --get commit.template [0ms]
2023-02-19 18:50:52.561 [info] > git for-each-ref --format=%(refname)%00%(upstream:short)%00%(objectname)%00%(upstream:track)%00%(upstream:remotename)%00%(upstream:remoteref) refs/heads/main refs/remotes/main [1ms]
2023-02-19 18:50:52.571 [info] > git status -z -uall [6ms]
2023-02-19 18:50:52.572 [info] > git for-each-ref --sort -committerdate --format %(refname) %(objectname) %(*objectname) [1ms]
2023-02-19 18:50:57.580 [info] > git config --get commit.template [2ms]
2023-02-19 18:50:57.583 [info] > git for-each-ref --format=%(refname)%00%(upstream:short)%00%(objectname)%00%(upstream:track)%00%(upstream:remotename)%00%(upstream:remoteref) refs/heads/main refs/remotes/main [1ms]
2023-02-19 18:50:57.592 [info] > git status -z -uall [5ms]
2023-02-19 18:50:57.593 [info] > git for-each-ref --sort -committerdate --format %(refname) %(objectname) %(*objectname) [1ms]
2023-02-19 18:51:02.604 [info] > git config --get commit.template [4ms]
2023-02-19 18:51:02.605 [info] > git for-each-ref --format=%(refname)%00%(upstream:short)%00%(objectname)%00%(upstream:track)%00%(upstream:remotename)%00%(upstream:remoteref) refs/heads/main refs/remotes/main [1ms]
2023-02-19 18:51:02.612 [info] > git status -z -uall [5ms]
2023-02-19 18:51:02.613 [info] > git for-each-ref --sort -committerdate --format %(refname) %(objectname) %(*objectname) [1ms]
2023-02-19 18:51:07.623 [info] > git config --get commit.template [0ms]
2023-02-19 18:51:07.630 [info] > git for-each-ref --format=%(refname)%00%(upstream:short)%00%(objectname)%00%(upstream:track)%00%(upstream:remotename)%00%(upstream:remoteref) refs/heads/main refs/remotes/main [1ms]
2023-02-19 18:51:07.639 [info] > git status -z -uall [5ms]
2023-02-19 18:51:07.640 [info] > git for-each-ref --sort -committerdate --format %(refname) %(objectname) %(*objectname) [1ms]
2023-02-19 18:51:12.651 [info] > git config --get commit.template [1ms]
2023-02-19 18:51:12.657 [info] > git for-each-ref --format=%(refname)%00%(upstream:short)%00%(objectname)%00%(upstream:track)%00%(upstream:remotename)%00%(upstream:remoteref) refs/heads/main refs/remotes/main [1ms]
2023-02-19 18:51:12.665 [info] > git status -z -uall [5ms]
2023-02-19 18:51:12.665 [info] > git for-each-ref --sort -committerdate --format %(refname) %(objectname) %(*objectname) [0ms]
2023-02-19 18:51:47.241 [info] > git config --get commit.template [8ms]
2023-02-19 18:51:47.241 [info] > git for-each-ref --format=%(refname)%00%(upstream:short)%00%(objectname)%00%(upstream:track)%00%(upstream:remotename)%00%(upstream:remoteref) refs/heads/main refs/remotes/main [1ms]
2023-02-19 18:51:47.251 [info] > git status -z -uall [5ms]
2023-02-19 18:51:47.252 [info] > git for-each-ref --sort -committerdate --format %(refname) %(objectname) %(*objectname) [2ms]
2023-02-19 18:52:04.272 [info] > git config --get commit.template [6ms]
2023-02-19 18:52:04.272 [info] > git for-each-ref --format=%(refname)%00%(upstream:short)%00%(objectname)%00%(upstream:track)%00%(upstream:remotename)%00%(upstream:remoteref) refs/heads/main refs/remotes/main [0ms]
2023-02-19 18:52:04.284 [info] > git status -z -uall [6ms]
2023-02-19 18:52:04.284 [info] > git for-each-ref --sort -committerdate --format %(refname) %(objectname) %(*objectname) [1ms]
2023-02-19 18:52:09.296 [info] > git config --get commit.template [1ms]
2023-02-19 18:52:09.303 [info] > git for-each-ref --format=%(refname)%00%(upstream:short)%00%(objectname)%00%(upstream:track)%00%(upstream:remotename)%00%(upstream:remoteref) refs/heads/main refs/remotes/main [1ms]
2023-02-19 18:52:09.316 [info] > git status -z -uall [6ms]
2023-02-19 18:52:09.317 [info] > git for-each-ref --sort -committerdate --format %(refname) %(objectname) %(*objectname) [1ms]
2023-02-19 18:52:10.985 [info] > git show --textconv :src/pages/index.astro [5ms]
2023-02-19 18:52:10.986 [info] > git ls-files --stage -- /home/aarni/huhuu-dev/src/pages/index.astro [0ms]
2023-02-19 18:52:10.992 [info] > git cat-file -s 5a59938bf487fecde204e8889759d6abd219f24f [1ms]
2023-02-19 18:52:14.251 [info] > git check-ignore -v -z --stdin [0ms]
2023-02-19 18:52:14.836 [info] > git show --textconv :src/layouts/Layout.astro [5ms]
2023-02-19 18:52:14.836 [info] > git ls-files --stage -- /home/aarni/huhuu-dev/src/layouts/Layout.astro [0ms]
2023-02-19 18:52:14.841 [info] > git cat-file -s d6e598d3725034249c4a5dc7d7edef99d07e1c45 [1ms]
2023-02-19 18:52:42.929 [info] > git config --get commit.template [1ms]
2023-02-19 18:52:42.934 [info] > git for-each-ref --format=%(refname)%00%(upstream:short)%00%(objectname)%00%(upstream:track)%00%(upstream:remotename)%00%(upstream:remoteref) refs/heads/main refs/remotes/main [0ms]
2023-02-19 18:52:42.945 [info] > git status -z -uall [6ms]
2023-02-19 18:52:42.946 [info] > git for-each-ref --sort -committerdate --format %(refname) %(objectname) %(*objectname) [1ms]
2023-02-19 18:52:49.100 [info] > git config --get commit.template [0ms]
2023-02-19 18:52:49.105 [info] > git for-each-ref --format=%(refname)%00%(upstream:short)%00%(objectname)%00%(upstream:track)%00%(upstream:remotename)%00%(upstream:remoteref) refs/heads/main refs/remotes/main [1ms]
2023-02-19 18:52:49.115 [info] > git status -z -uall [5ms]
2023-02-19 18:52:49.116 [info] > git for-each-ref --sort -committerdate --format %(refname) %(objectname) %(*objectname) [0ms]
2023-02-19 18:53:12.750 [info] > git show --textconv :src/components/Footer.astro [9ms]
2023-02-19 18:53:12.750 [info] > git ls-files --stage -- /home/aarni/huhuu-dev/src/components/Footer.astro [2ms]
2023-02-19 18:53:12.757 [info] > git cat-file -s 4c28729810892172e2669e820fe5b6624f99bd2e [1ms]
2023-02-19 18:53:21.018 [info] > git config --get commit.template [0ms]
2023-02-19 18:53:21.024 [info] > git for-each-ref --format=%(refname)%00%(upstream:short)%00%(objectname)%00%(upstream:track)%00%(upstream:remotename)%00%(upstream:remoteref) refs/heads/main refs/remotes/main [1ms]
2023-02-19 18:53:21.034 [info] > git status -z -uall [6ms]
2023-02-19 18:53:21.034 [info] > git for-each-ref --sort -committerdate --format %(refname) %(objectname) %(*objectname) [1ms]
2023-02-19 18:53:32.337 [info] > git config --get commit.template [7ms]
2023-02-19 18:53:32.338 [info] > git for-each-ref --format=%(refname)%00%(upstream:short)%00%(objectname)%00%(upstream:track)%00%(upstream:remotename)%00%(upstream:remoteref) refs/heads/main refs/remotes/main [1ms]
2023-02-19 18:53:32.353 [info] > git status -z -uall [8ms]
2023-02-19 18:53:32.354 [info] > git for-each-ref --sort -committerdate --format %(refname) %(objectname) %(*objectname) [2ms]
2023-02-19 18:54:00.894 [info] > git config --get commit.template [1ms]
2023-02-19 18:54:00.899 [info] > git for-each-ref --format=%(refname)%00%(upstream:short)%00%(objectname)%00%(upstream:track)%00%(upstream:remotename)%00%(upstream:remoteref) refs/heads/main refs/remotes/main [1ms]
2023-02-19 18:54:00.912 [info] > git status -z -uall [7ms]
2023-02-19 18:54:00.912 [info] > git for-each-ref --sort -committerdate --format %(refname) %(objectname) %(*objectname) [1ms]
2023-02-19 18:54:13.076 [info] > git config --get commit.template [1ms]
2023-02-19 18:54:13.082 [info] > git for-each-ref --format=%(refname)%00%(upstream:short)%00%(objectname)%00%(upstream:track)%00%(upstream:remotename)%00%(upstream:remoteref) refs/heads/main refs/remotes/main [1ms]
2023-02-19 18:54:13.091 [info] > git status -z -uall [4ms]
2023-02-19 18:54:13.092 [info] > git for-each-ref --sort -committerdate --format %(refname) %(objectname) %(*objectname) [0ms]
2023-02-19 18:54:37.187 [info] > git config --get commit.template [1ms]
2023-02-19 18:54:37.191 [info] > git for-each-ref --format=%(refname)%00%(upstream:short)%00%(objectname)%00%(upstream:track)%00%(upstream:remotename)%00%(upstream:remoteref) refs/heads/main refs/remotes/main [1ms]
2023-02-19 18:54:37.198 [info] > git status -z -uall [5ms]
2023-02-19 18:54:37.199 [info] > git for-each-ref --sort -committerdate --format %(refname) %(objectname) %(*objectname) [1ms]
2023-02-19 18:54:48.078 [info] > git config --get commit.template [1ms]
2023-02-19 18:54:48.085 [info] > git for-each-ref --format=%(refname)%00%(upstream:short)%00%(objectname)%00%(upstream:track)%00%(upstream:remotename)%00%(upstream:remoteref) refs/heads/main refs/remotes/main [0ms]
2023-02-19 18:54:48.098 [info] > git status -z -uall [6ms]
2023-02-19 18:54:48.098 [info] > git for-each-ref --sort -committerdate --format %(refname) %(objectname) %(*objectname) [1ms]
2023-02-19 18:54:54.022 [info] > git config --get commit.template [1ms]
2023-02-19 18:54:54.027 [info] > git for-each-ref --format=%(refname)%00%(upstream:short)%00%(objectname)%00%(upstream:track)%00%(upstream:remotename)%00%(upstream:remoteref) refs/heads/main refs/remotes/main [0ms]
2023-02-19 18:54:54.037 [info] > git status -z -uall [5ms]
2023-02-19 18:54:54.038 [info] > git for-each-ref --sort -committerdate --format %(refname) %(objectname) %(*objectname) [1ms]
2023-02-19 18:54:56.067 [info] > git show --textconv :src/components/Header.astro [5ms]
2023-02-19 18:54:56.067 [info] > git ls-files --stage -- /home/aarni/huhuu-dev/src/components/Header.astro [1ms]
2023-02-19 18:54:56.073 [info] > git cat-file -s f09db8c105d7d8b15cd2dffe15df487a02076da0 [1ms]
2023-02-19 18:55:02.636 [info] > git config --get commit.template [0ms]
2023-02-19 18:55:02.641 [info] > git for-each-ref --format=%(refname)%00%(upstream:short)%00%(objectname)%00%(upstream:track)%00%(upstream:remotename)%00%(upstream:remoteref) refs/heads/main refs/remotes/main [1ms]
2023-02-19 18:55:02.651 [info] > git status -z -uall [6ms]
2023-02-19 18:55:02.652 [info] > git for-each-ref --sort -committerdate --format %(refname) %(objectname) %(*objectname) [1ms]
2023-02-19 18:55:11.082 [info] > git config --get commit.template [1ms]
2023-02-19 18:55:11.090 [info] > git for-each-ref --format=%(refname)%00%(upstream:short)%00%(objectname)%00%(upstream:track)%00%(upstream:remotename)%00%(upstream:remoteref) refs/heads/main refs/remotes/main [1ms]
2023-02-19 18:55:11.103 [info] > git status -z -uall [6ms]
2023-02-19 18:55:11.104 [info] > git for-each-ref --sort -committerdate --format %(refname) %(objectname) %(*objectname) [1ms]
2023-02-19 18:55:16.194 [info] > git config --get commit.template [7ms]
2023-02-19 18:55:16.194 [info] > git for-each-ref --format=%(refname)%00%(upstream:short)%00%(objectname)%00%(upstream:track)%00%(upstream:remotename)%00%(upstream:remoteref) refs/heads/main refs/remotes/main [1ms]
2023-02-19 18:55:16.208 [info] > git status -z -uall [6ms]
2023-02-19 18:55:16.209 [info] > git for-each-ref --sort -committerdate --format %(refname) %(objectname) %(*objectname) [1ms]
2023-02-19 18:56:20.512 [info] > git config --get commit.template [3ms]
2023-02-19 18:56:20.512 [info] > git for-each-ref --format=%(refname)%00%(upstream:short)%00%(objectname)%00%(upstream:track)%00%(upstream:remotename)%00%(upstream:remoteref) refs/heads/main refs/remotes/main [0ms]
2023-02-19 18:56:20.519 [info] > git status -z -uall [4ms]
2023-02-19 18:56:20.520 [info] > git for-each-ref --sort -committerdate --format %(refname) %(objectname) %(*objectname) [1ms]
2023-02-19 18:56:28.168 [info] > git config --get commit.template [2ms]
2023-02-19 18:56:28.177 [info] > git for-each-ref --format=%(refname)%00%(upstream:short)%00%(objectname)%00%(upstream:track)%00%(upstream:remotename)%00%(upstream:remoteref) refs/heads/main refs/remotes/main [1ms]
2023-02-19 18:56:28.190 [info] > git status -z -uall [7ms]
2023-02-19 18:56:28.191 [info] > git for-each-ref --sort -committerdate --format %(refname) %(objectname) %(*objectname) [1ms]
2023-02-19 18:56:37.226 [info] > git config --get commit.template [5ms]
2023-02-19 18:56:37.227 [info] > git for-each-ref --format=%(refname)%00%(upstream:short)%00%(objectname)%00%(upstream:track)%00%(upstream:remotename)%00%(upstream:remoteref) refs/heads/main refs/remotes/main [1ms]
2023-02-19 18:56:37.241 [info] > git status -z -uall [7ms]
2023-02-19 18:56:37.241 [info] > git for-each-ref --sort -committerdate --format %(refname) %(objectname) %(*objectname) [0ms]
2023-02-19 18:57:11.664 [info] > git config --get commit.template [1ms]
2023-02-19 18:57:11.671 [info] > git for-each-ref --format=%(refname)%00%(upstream:short)%00%(objectname)%00%(upstream:track)%00%(upstream:remotename)%00%(upstream:remoteref) refs/heads/main refs/remotes/main [0ms]
2023-02-19 18:57:11.683 [info] > git status -z -uall [6ms]
2023-02-19 18:57:11.684 [info] > git for-each-ref --sort -committerdate --format %(refname) %(objectname) %(*objectname) [1ms]
2023-02-19 19:03:45.059 [info] > git config --get commit.template [5ms]
2023-02-19 19:03:45.059 [info] > git for-each-ref --format=%(refname)%00%(upstream:short)%00%(objectname)%00%(upstream:track)%00%(upstream:remotename)%00%(upstream:remoteref) refs/heads/main refs/remotes/main [1ms]
2023-02-19 19:03:45.065 [info] > git status -z -uall [3ms]
2023-02-19 19:03:45.066 [info] > git for-each-ref --sort -committerdate --format %(refname) %(objectname) %(*objectname) [1ms]
2023-02-19 19:03:53.113 [info] > git config --get commit.template [1ms]
2023-02-19 19:03:53.118 [info] > git for-each-ref --format=%(refname)%00%(upstream:short)%00%(objectname)%00%(upstream:track)%00%(upstream:remotename)%00%(upstream:remoteref) refs/heads/main refs/remotes/main [1ms]
2023-02-19 19:03:53.129 [info] > git status -z -uall [7ms]
2023-02-19 19:03:53.129 [info] > git for-each-ref --sort -committerdate --format %(refname) %(objectname) %(*objectname) [1ms]
2023-02-19 19:04:45.572 [info] > git config --get commit.template [6ms]
2023-02-19 19:04:45.572 [info] > git for-each-ref --format=%(refname)%00%(upstream:short)%00%(objectname)%00%(upstream:track)%00%(upstream:remotename)%00%(upstream:remoteref) refs/heads/main refs/remotes/main [0ms]
2023-02-19 19:04:45.585 [info] > git status -z -uall [6ms]
2023-02-19 19:04:45.586 [info] > git for-each-ref --sort -committerdate --format %(refname) %(objectname) %(*objectname) [1ms]
2023-02-19 19:04:57.638 [info] > git config --get commit.template [0ms]
2023-02-19 19:04:57.645 [info] > git for-each-ref --format=%(refname)%00%(upstream:short)%00%(objectname)%00%(upstream:track)%00%(upstream:remotename)%00%(upstream:remoteref) refs/heads/main refs/remotes/main [1ms]
2023-02-19 19:04:57.657 [info] > git status -z -uall [6ms]
2023-02-19 19:04:57.657 [info] > git for-each-ref --sort -committerdate --format %(refname) %(objectname) %(*objectname) [1ms]
2023-02-19 19:06:45.776 [info] > git config --get commit.template [0ms]
2023-02-19 19:06:45.782 [info] > git for-each-ref --format=%(refname)%00%(upstream:short)%00%(objectname)%00%(upstream:track)%00%(upstream:remotename)%00%(upstream:remoteref) refs/heads/main refs/remotes/main [1ms]
2023-02-19 19:06:45.794 [info] > git status -z -uall [7ms]
2023-02-19 19:06:45.794 [info] > git for-each-ref --sort -committerdate --format %(refname) %(objectname) %(*objectname) [1ms]
2023-02-19 19:13:28.407 [info] > git config --get commit.template [4ms]
2023-02-19 19:13:28.408 [info] > git for-each-ref --format=%(refname)%00%(upstream:short)%00%(objectname)%00%(upstream:track)%00%(upstream:remotename)%00%(upstream:remoteref) refs/heads/main refs/remotes/main [0ms]
2023-02-19 19:13:28.413 [info] > git status -z -uall [3ms]
2023-02-19 19:13:28.414 [info] > git for-each-ref --sort -committerdate --format %(refname) %(objectname) %(*objectname) [0ms]
2023-02-19 19:13:34.201 [info] > git config --get commit.template [5ms]
2023-02-19 19:13:34.201 [info] > git for-each-ref --format=%(refname)%00%(upstream:short)%00%(objectname)%00%(upstream:track)%00%(upstream:remotename)%00%(upstream:remoteref) refs/heads/main refs/remotes/main [0ms]
2023-02-19 19:13:34.208 [info] > git status -z -uall [4ms]
2023-02-19 19:13:34.209 [info] > git for-each-ref --sort -committerdate --format %(refname) %(objectname) %(*objectname) [1ms]
2023-02-19 19:13:39.223 [info] > git config --get commit.template [7ms]
2023-02-19 19:13:39.223 [info] > git for-each-ref --format=%(refname)%00%(upstream:short)%00%(objectname)%00%(upstream:track)%00%(upstream:remotename)%00%(upstream:remoteref) refs/heads/main refs/remotes/main [1ms]
2023-02-19 19:13:39.233 [info] > git status -z -uall [4ms]
2023-02-19 19:13:39.234 [info] > git for-each-ref --sort -committerdate --format %(refname) %(objectname) %(*objectname) [0ms]
2023-02-19 19:13:46.221 [info] > git config --get commit.template [3ms]
2023-02-19 19:13:46.221 [info] > git for-each-ref --format=%(refname)%00%(upstream:short)%00%(objectname)%00%(upstream:track)%00%(upstream:remotename)%00%(upstream:remoteref) refs/heads/main refs/remotes/main [0ms]
2023-02-19 19:13:46.227 [info] > git status -z -uall [3ms]
2023-02-19 19:13:46.227 [info] > git for-each-ref --sort -committerdate --format %(refname) %(objectname) %(*objectname) [0ms]
2023-02-19 19:13:52.873 [info] > git config --get commit.template [5ms]
2023-02-19 19:13:52.874 [info] > git for-each-ref --format=%(refname)%00%(upstream:short)%00%(objectname)%00%(upstream:track)%00%(upstream:remotename)%00%(upstream:remoteref) refs/heads/main refs/remotes/main [1ms]
2023-02-19 19:13:52.882 [info] > git status -z -uall [3ms]
2023-02-19 19:13:52.882 [info] > git for-each-ref --sort -committerdate --format %(refname) %(objectname) %(*objectname) [1ms]
2023-02-19 19:14:03.005 [info] > git config --get commit.template [7ms]
2023-02-19 19:14:03.006 [info] > git for-each-ref --format=%(refname)%00%(upstream:short)%00%(objectname)%00%(upstream:track)%00%(upstream:remotename)%00%(upstream:remoteref) refs/heads/main refs/remotes/main [1ms]
2023-02-19 19:14:03.016 [info] > git status -z -uall [5ms]
2023-02-19 19:14:03.017 [info] > git for-each-ref --sort -committerdate --format %(refname) %(objectname) %(*objectname) [0ms]
2023-02-19 19:14:08.025 [info] > git config --get commit.template [1ms]
2023-02-19 19:14:08.031 [info] > git for-each-ref --format=%(refname)%00%(upstream:short)%00%(objectname)%00%(upstream:track)%00%(upstream:remotename)%00%(upstream:remoteref) refs/heads/main refs/remotes/main [1ms]
2023-02-19 19:14:08.039 [info] > git status -z -uall [5ms]
2023-02-19 19:14:08.040 [info] > git for-each-ref --sort -committerdate --format %(refname) %(objectname) %(*objectname) [1ms]
2023-02-19 19:14:15.435 [info] > git config --get commit.template [1ms]
2023-02-19 19:14:15.442 [info] > git for-each-ref --format=%(refname)%00%(upstream:short)%00%(objectname)%00%(upstream:track)%00%(upstream:remotename)%00%(upstream:remoteref) refs/heads/main refs/remotes/main [0ms]
2023-02-19 19:14:15.452 [info] > git status -z -uall [4ms]
2023-02-19 19:14:15.453 [info] > git for-each-ref --sort -committerdate --format %(refname) %(objectname) %(*objectname) [1ms]
2023-02-19 19:21:22.943 [info] > git config --get commit.template [1ms]
2023-02-19 19:21:22.948 [info] > git for-each-ref --format=%(refname)%00%(upstream:short)%00%(objectname)%00%(upstream:track)%00%(upstream:remotename)%00%(upstream:remoteref) refs/heads/main refs/remotes/main [0ms]
2023-02-19 19:21:22.958 [info] > git status -z -uall [5ms]
2023-02-19 19:21:22.959 [info] > git for-each-ref --sort -committerdate --format %(refname) %(objectname) %(*objectname) [1ms]
2023-02-19 19:22:06.557 [info] > git config --get commit.template [0ms]
2023-02-19 19:22:06.564 [info] > git for-each-ref --format=%(refname)%00%(upstream:short)%00%(objectname)%00%(upstream:track)%00%(upstream:remotename)%00%(upstream:remoteref) refs/heads/main refs/remotes/main [1ms]
2023-02-19 19:22:06.574 [info] > git status -z -uall [6ms]
2023-02-19 19:22:06.575 [info] > git for-each-ref --sort -committerdate --format %(refname) %(objectname) %(*objectname) [0ms]
2023-02-19 19:24:23.814 [info] > git config --get commit.template [6ms]
2023-02-19 19:24:23.814 [info] > git for-each-ref --format=%(refname)%00%(upstream:short)%00%(objectname)%00%(upstream:track)%00%(upstream:remotename)%00%(upstream:remoteref) refs/heads/main refs/remotes/main [0ms]
2023-02-19 19:24:23.824 [info] > git status -z -uall [5ms]
2023-02-19 19:24:23.825 [info] > git for-each-ref --sort -committerdate --format %(refname) %(objectname) %(*objectname) [1ms]
2023-02-19 19:24:28.836 [info] > git config --get commit.template [1ms]
2023-02-19 19:24:28.841 [info] > git for-each-ref --format=%(refname)%00%(upstream:short)%00%(objectname)%00%(upstream:track)%00%(upstream:remotename)%00%(upstream:remoteref) refs/heads/main refs/remotes/main [1ms]
2023-02-19 19:24:28.849 [info] > git status -z -uall [5ms]
2023-02-19 19:24:28.849 [info] > git for-each-ref --sort -committerdate --format %(refname) %(objectname) %(*objectname) [0ms]
2023-02-19 19:24:51.757 [info] > git config --get commit.template [4ms]
2023-02-19 19:24:51.758 [info] > git for-each-ref --format=%(refname)%00%(upstream:short)%00%(objectname)%00%(upstream:track)%00%(upstream:remotename)%00%(upstream:remoteref) refs/heads/main refs/remotes/main [0ms]
2023-02-19 19:24:51.766 [info] > git status -z -uall [6ms]
2023-02-19 19:24:51.767 [info] > git for-each-ref --sort -committerdate --format %(refname) %(objectname) %(*objectname) [1ms]
2023-02-19 19:24:56.775 [info] > git config --get commit.template [0ms]
2023-02-19 19:24:56.784 [info] > git for-each-ref --format=%(refname)%00%(upstream:short)%00%(objectname)%00%(upstream:track)%00%(upstream:remotename)%00%(upstream:remoteref) refs/heads/main refs/remotes/main [1ms]
2023-02-19 19:24:56.795 [info] > git status -z -uall [6ms]
2023-02-19 19:24:56.796 [info] > git for-each-ref --sort -committerdate --format %(refname) %(objectname) %(*objectname) [1ms]
2023-02-19 19:25:37.694 [info] > git config --get commit.template [8ms]
2023-02-19 19:25:37.694 [info] > git for-each-ref --format=%(refname)%00%(upstream:short)%00%(objectname)%00%(upstream:track)%00%(upstream:remotename)%00%(upstream:remoteref) refs/heads/main refs/remotes/main [1ms]
2023-02-19 19:25:37.707 [info] > git status -z -uall [6ms]
2023-02-19 19:25:37.708 [info] > git for-each-ref --sort -committerdate --format %(refname) %(objectname) %(*objectname) [1ms]
2023-02-19 19:25:46.033 [info] > git config --get commit.template [6ms]
2023-02-19 19:25:46.034 [info] > git for-each-ref --format=%(refname)%00%(upstream:short)%00%(objectname)%00%(upstream:track)%00%(upstream:remotename)%00%(upstream:remoteref) refs/heads/main refs/remotes/main [1ms]
2023-02-19 19:25:46.050 [info] > git status -z -uall [9ms]
2023-02-19 19:25:46.051 [info] > git for-each-ref --sort -committerdate --format %(refname) %(objectname) %(*objectname) [2ms]
2023-02-19 19:25:51.061 [info] > git config --get commit.template [4ms]
2023-02-19 19:25:51.061 [info] > git for-each-ref --format=%(refname)%00%(upstream:short)%00%(objectname)%00%(upstream:track)%00%(upstream:remotename)%00%(upstream:remoteref) refs/heads/main refs/remotes/main [0ms]
2023-02-19 19:25:51.068 [info] > git status -z -uall [4ms]
2023-02-19 19:25:51.068 [info] > git for-each-ref --sort -committerdate --format %(refname) %(objectname) %(*objectname) [0ms]
2023-02-19 19:26:33.696 [info] > git show --textconv :src/pages/news/index.astro [7ms]
2023-02-19 19:26:33.696 [info] > git ls-files --stage -- /home/aarni/huhuu-dev/src/pages/news/index.astro [1ms]
2023-02-19 19:26:33.703 [info] > git cat-file -s 6a88861648eeef1cb9f26c32d14a1ae28e87acd3 [1ms]
2023-02-19 19:26:34.681 [info] > git show --textconv :src/layouts/NewsLayout.astro [5ms]
2023-02-19 19:26:34.681 [info] > git ls-files --stage -- /home/aarni/huhuu-dev/src/layouts/NewsLayout.astro [1ms]
2023-02-19 19:26:34.687 [info] > git cat-file -s 3ae45c91a21582af02f9fcaad14c7f128f5f8f56 [0ms]
2023-02-19 19:26:45.457 [info] > git config --get commit.template [4ms]
2023-02-19 19:26:45.457 [info] > git for-each-ref --format=%(refname)%00%(upstream:short)%00%(objectname)%00%(upstream:track)%00%(upstream:remotename)%00%(upstream:remoteref) refs/heads/main refs/remotes/main [1ms]
2023-02-19 19:26:45.467 [info] > git status -z -uall [6ms]
2023-02-19 19:26:45.468 [info] > git for-each-ref --sort -committerdate --format %(refname) %(objectname) %(*objectname) [1ms]
2023-02-19 19:27:31.379 [info] > git config --get commit.template [1ms]
2023-02-19 19:27:31.385 [info] > git for-each-ref --format=%(refname)%00%(upstream:short)%00%(objectname)%00%(upstream:track)%00%(upstream:remotename)%00%(upstream:remoteref) refs/heads/main refs/remotes/main [1ms]
2023-02-19 19:27:31.396 [info] > git status -z -uall [6ms]
2023-02-19 19:27:31.397 [info] > git for-each-ref --sort -committerdate --format %(refname) %(objectname) %(*objectname) [1ms]
2023-02-19 19:27:36.405 [info] > git config --get commit.template [1ms]
2023-02-19 19:27:36.411 [info] > git for-each-ref --format=%(refname)%00%(upstream:short)%00%(objectname)%00%(upstream:track)%00%(upstream:remotename)%00%(upstream:remoteref) refs/heads/main refs/remotes/main [0ms]
2023-02-19 19:27:36.422 [info] > git status -z -uall [6ms]
2023-02-19 19:27:36.422 [info] > git for-each-ref --sort -committerdate --format %(refname) %(objectname) %(*objectname) [1ms]
2023-02-19 19:27:47.250 [info] > git config --get commit.template [4ms]
2023-02-19 19:27:47.250 [info] > git for-each-ref --format=%(refname)%00%(upstream:short)%00%(objectname)%00%(upstream:track)%00%(upstream:remotename)%00%(upstream:remoteref) refs/heads/main refs/remotes/main [0ms]
2023-02-19 19:27:47.258 [info] > git status -z -uall [5ms]
2023-02-19 19:27:47.259 [info] > git for-each-ref --sort -committerdate --format %(refname) %(objectname) %(*objectname) [1ms]
2023-02-19 19:28:33.553 [info] > git config --get commit.template [0ms]
2023-02-19 19:28:33.562 [info] > git for-each-ref --format=%(refname)%00%(upstream:short)%00%(objectname)%00%(upstream:track)%00%(upstream:remotename)%00%(upstream:remoteref) refs/heads/main refs/remotes/main [1ms]
2023-02-19 19:28:33.577 [info] > git status -z -uall [8ms]
2023-02-19 19:28:33.578 [info] > git for-each-ref --sort -committerdate --format %(refname) %(objectname) %(*objectname) [2ms]
2023-02-19 19:28:51.185 [info] > git config --get commit.template [1ms]
2023-02-19 19:28:51.191 [info] > git for-each-ref --format=%(refname)%00%(upstream:short)%00%(objectname)%00%(upstream:track)%00%(upstream:remotename)%00%(upstream:remoteref) refs/heads/main refs/remotes/main [0ms]
2023-02-19 19:28:51.205 [info] > git status -z -uall [6ms]
2023-02-19 19:28:51.206 [info] > git for-each-ref --sort -committerdate --format %(refname) %(objectname) %(*objectname) [1ms]
2023-02-19 19:28:57.992 [info] > git config --get commit.template [1ms]
2023-02-19 19:28:58.000 [info] > git for-each-ref --format=%(refname)%00%(upstream:short)%00%(objectname)%00%(upstream:track)%00%(upstream:remotename)%00%(upstream:remoteref) refs/heads/main refs/remotes/main [1ms]
2023-02-19 19:28:58.011 [info] > git status -z -uall [5ms]
2023-02-19 19:28:58.011 [info] > git for-each-ref --sort -committerdate --format %(refname) %(objectname) %(*objectname) [1ms]
2023-02-19 19:29:03.023 [info] > git config --get commit.template [1ms]
2023-02-19 19:29:03.029 [info] > git for-each-ref --format=%(refname)%00%(upstream:short)%00%(objectname)%00%(upstream:track)%00%(upstream:remotename)%00%(upstream:remoteref) refs/heads/main refs/remotes/main [1ms]
2023-02-19 19:29:03.041 [info] > git status -z -uall [6ms]
2023-02-19 19:29:03.041 [info] > git for-each-ref --sort -committerdate --format %(refname) %(objectname) %(*objectname) [1ms]
2023-02-19 19:29:09.875 [info] > git config --get commit.template [0ms]
2023-02-19 19:29:09.880 [info] > git for-each-ref --format=%(refname)%00%(upstream:short)%00%(objectname)%00%(upstream:track)%00%(upstream:remotename)%00%(upstream:remoteref) refs/heads/main refs/remotes/main [0ms]
2023-02-19 19:29:09.892 [info] > git status -z -uall [7ms]
2023-02-19 19:29:09.893 [info] > git for-each-ref --sort -committerdate --format %(refname) %(objectname) %(*objectname) [1ms]
2023-02-19 19:29:40.453 [info] > git config --get commit.template [5ms]
2023-02-19 19:29:40.454 [info] > git for-each-ref --format=%(refname)%00%(upstream:short)%00%(objectname)%00%(upstream:track)%00%(upstream:remotename)%00%(upstream:remoteref) refs/heads/main refs/remotes/main [1ms]
2023-02-19 19:29:40.460 [info] > git status -z -uall [4ms]
2023-02-19 19:29:40.460 [info] > git for-each-ref --sort -committerdate --format %(refname) %(objectname) %(*objectname) [0ms]
2023-02-19 19:29:45.469 [info] > git config --get commit.template [1ms]
2023-02-19 19:29:45.474 [info] > git for-each-ref --format=%(refname)%00%(upstream:short)%00%(objectname)%00%(upstream:track)%00%(upstream:remotename)%00%(upstream:remoteref) refs/heads/main refs/remotes/main [1ms]
2023-02-19 19:29:45.483 [info] > git status -z -uall [4ms]
2023-02-19 19:29:45.484 [info] > git for-each-ref --sort -committerdate --format %(refname) %(objectname) %(*objectname) [1ms]
2023-02-19 19:29:50.492 [info] > git config --get commit.template [1ms]
2023-02-19 19:29:50.499 [info] > git for-each-ref --format=%(refname)%00%(upstream:short)%00%(objectname)%00%(upstream:track)%00%(upstream:remotename)%00%(upstream:remoteref) refs/heads/main refs/remotes/main [1ms]
2023-02-19 19:29:50.508 [info] > git status -z -uall [5ms]
2023-02-19 19:29:50.508 [info] > git for-each-ref --sort -committerdate --format %(refname) %(objectname) %(*objectname) [1ms]
2023-02-19 19:30:01.957 [info] > git config --get commit.template [0ms]
2023-02-19 19:30:01.961 [info] > git for-each-ref --format=%(refname)%00%(upstream:short)%00%(objectname)%00%(upstream:track)%00%(upstream:remotename)%00%(upstream:remoteref) refs/heads/main refs/remotes/main [1ms]
2023-02-19 19:30:01.967 [info] > git status -z -uall [3ms]
2023-02-19 19:30:01.967 [info] > git for-each-ref --sort -committerdate --format %(refname) %(objectname) %(*objectname) [0ms]
2023-02-19 19:30:14.519 [info] > git config --get commit.template [1ms]
2023-02-19 19:30:14.529 [info] > git for-each-ref --format=%(refname)%00%(upstream:short)%00%(objectname)%00%(upstream:track)%00%(upstream:remotename)%00%(upstream:remoteref) refs/heads/main refs/remotes/main [0ms]
2023-02-19 19:30:14.543 [info] > git status -z -uall [7ms]
2023-02-19 19:30:14.544 [info] > git for-each-ref --sort -committerdate --format %(refname) %(objectname) %(*objectname) [1ms]
2023-02-19 19:30:19.552 [info] > git config --get commit.template [0ms]
2023-02-19 19:30:19.557 [info] > git for-each-ref --format=%(refname)%00%(upstream:short)%00%(objectname)%00%(upstream:track)%00%(upstream:remotename)%00%(upstream:remoteref) refs/heads/main refs/remotes/main [1ms]
2023-02-19 19:30:19.567 [info] > git status -z -uall [5ms]
2023-02-19 19:30:19.567 [info] > git for-each-ref --sort -committerdate --format %(refname) %(objectname) %(*objectname) [1ms]
2023-02-19 19:31:08.527 [info] > git config --get commit.template [6ms]
2023-02-19 19:31:08.528 [info] > git for-each-ref --format=%(refname)%00%(upstream:short)%00%(objectname)%00%(upstream:track)%00%(upstream:remotename)%00%(upstream:remoteref) refs/heads/main refs/remotes/main [1ms]
2023-02-19 19:31:08.540 [info] > git status -z -uall [5ms]
2023-02-19 19:31:08.541 [info] > git for-each-ref --sort -committerdate --format %(refname) %(objectname) %(*objectname) [1ms]
2023-02-19 19:31:38.274 [info] > git config --get commit.template [3ms]
2023-02-19 19:31:38.274 [info] > git for-each-ref --format=%(refname)%00%(upstream:short)%00%(objectname)%00%(upstream:track)%00%(upstream:remotename)%00%(upstream:remoteref) refs/heads/main refs/remotes/main [0ms]
2023-02-19 19:31:38.280 [info] > git status -z -uall [3ms]
2023-02-19 19:31:38.281 [info] > git for-each-ref --sort -committerdate --format %(refname) %(objectname) %(*objectname) [1ms]
2023-02-19 19:31:43.290 [info] > git config --get commit.template [1ms]
2023-02-19 19:31:43.295 [info] > git for-each-ref --format=%(refname)%00%(upstream:short)%00%(objectname)%00%(upstream:track)%00%(upstream:remotename)%00%(upstream:remoteref) refs/heads/main refs/remotes/main [0ms]
2023-02-19 19:31:43.306 [info] > git status -z -uall [5ms]
2023-02-19 19:31:43.307 [info] > git for-each-ref --sort -committerdate --format %(refname) %(objectname) %(*objectname) [1ms]
2023-02-19 19:31:53.267 [info] > git config --get commit.template [0ms]
2023-02-19 19:31:53.274 [info] > git for-each-ref --format=%(refname)%00%(upstream:short)%00%(objectname)%00%(upstream:track)%00%(upstream:remotename)%00%(upstream:remoteref) refs/heads/main refs/remotes/main [0ms]
2023-02-19 19:31:53.284 [info] > git status -z -uall [4ms]
2023-02-19 19:31:53.285 [info] > git for-each-ref --sort -committerdate --format %(refname) %(objectname) %(*objectname) [0ms]
2023-02-19 19:32:01.022 [info] > git config --get commit.template [6ms]
2023-02-19 19:32:01.023 [info] > git for-each-ref --format=%(refname)%00%(upstream:short)%00%(objectname)%00%(upstream:track)%00%(upstream:remotename)%00%(upstream:remoteref) refs/heads/main refs/remotes/main [1ms]
2023-02-19 19:32:01.036 [info] > git status -z -uall [7ms]
2023-02-19 19:32:01.037 [info] > git for-each-ref --sort -committerdate --format %(refname) %(objectname) %(*objectname) [1ms]
2023-02-19 19:32:07.581 [info] > git config --get commit.template [1ms]
2023-02-19 19:32:07.589 [info] > git for-each-ref --format=%(refname)%00%(upstream:short)%00%(objectname)%00%(upstream:track)%00%(upstream:remotename)%00%(upstream:remoteref) refs/heads/main refs/remotes/main [1ms]
2023-02-19 19:32:07.601 [info] > git status -z -uall [7ms]
2023-02-19 19:32:07.602 [info] > git for-each-ref --sort -committerdate --format %(refname) %(objectname) %(*objectname) [1ms]
2023-02-19 19:32:14.822 [info] > git config --get commit.template [1ms]
2023-02-19 19:32:14.831 [info] > git for-each-ref --format=%(refname)%00%(upstream:short)%00%(objectname)%00%(upstream:track)%00%(upstream:remotename)%00%(upstream:remoteref) refs/heads/main refs/remotes/main [1ms]
2023-02-19 19:32:14.844 [info] > git status -z -uall [7ms]
2023-02-19 19:32:14.845 [info] > git for-each-ref --sort -committerdate --format %(refname) %(objectname) %(*objectname) [1ms]
2023-02-19 19:32:29.201 [info] > git config --get commit.template [4ms]
2023-02-19 19:32:29.201 [info] > git for-each-ref --format=%(refname)%00%(upstream:short)%00%(objectname)%00%(upstream:track)%00%(upstream:remotename)%00%(upstream:remoteref) refs/heads/main refs/remotes/main [0ms]
2023-02-19 19:32:29.207 [info] > git status -z -uall [3ms]
2023-02-19 19:32:29.208 [info] > git for-each-ref --sort -committerdate --format %(refname) %(objectname) %(*objectname) [1ms]
2023-02-19 19:32:36.066 [info] > git config --get commit.template [6ms]
2023-02-19 19:32:36.066 [info] > git for-each-ref --format=%(refname)%00%(upstream:short)%00%(objectname)%00%(upstream:track)%00%(upstream:remotename)%00%(upstream:remoteref) refs/heads/main refs/remotes/main [0ms]
2023-02-19 19:32:36.074 [info] > git status -z -uall [4ms]
2023-02-19 19:32:36.075 [info] > git for-each-ref --sort -committerdate --format %(refname) %(objectname) %(*objectname) [1ms]
2023-02-19 19:32:52.887 [info] > git config --get commit.template [1ms]
2023-02-19 19:32:52.893 [info] > git for-each-ref --format=%(refname)%00%(upstream:short)%00%(objectname)%00%(upstream:track)%00%(upstream:remotename)%00%(upstream:remoteref) refs/heads/main refs/remotes/main [1ms]
2023-02-19 19:32:52.901 [info] > git status -z -uall [4ms]
2023-02-19 19:32:52.902 [info] > git for-each-ref --sort -committerdate --format %(refname) %(objectname) %(*objectname) [1ms]
2023-02-19 19:33:53.168 [info] > git config --get commit.template [3ms]
2023-02-19 19:33:53.168 [info] > git for-each-ref --format=%(refname)%00%(upstream:short)%00%(objectname)%00%(upstream:track)%00%(upstream:remotename)%00%(upstream:remoteref) refs/heads/main refs/remotes/main [0ms]
2023-02-19 19:33:53.174 [info] > git status -z -uall [3ms]
2023-02-19 19:33:53.174 [info] > git for-each-ref --sort -committerdate --format %(refname) %(objectname) %(*objectname) [0ms]
2023-02-19 19:33:58.187 [info] > git config --get commit.template [5ms]
2023-02-19 19:33:58.187 [info] > git for-each-ref --format=%(refname)%00%(upstream:short)%00%(objectname)%00%(upstream:track)%00%(upstream:remotename)%00%(upstream:remoteref) refs/heads/main refs/remotes/main [1ms]
2023-02-19 19:33:58.199 [info] > git status -z -uall [6ms]
2023-02-19 19:33:58.200 [info] > git for-each-ref --sort -committerdate --format %(refname) %(objectname) %(*objectname) [1ms]
2023-02-19 19:34:03.212 [info] > git config --get commit.template [5ms]
2023-02-19 19:34:03.212 [info] > git for-each-ref --format=%(refname)%00%(upstream:short)%00%(objectname)%00%(upstream:track)%00%(upstream:remotename)%00%(upstream:remoteref) refs/heads/main refs/remotes/main [1ms]
2023-02-19 19:34:03.224 [info] > git status -z -uall [7ms]
2023-02-19 19:34:03.224 [info] > git for-each-ref --sort -committerdate --format %(refname) %(objectname) %(*objectname) [1ms]
2023-02-19 19:34:14.416 [info] > git config --get commit.template [8ms]
2023-02-19 19:34:14.416 [info] > git for-each-ref --format=%(refname)%00%(upstream:short)%00%(objectname)%00%(upstream:track)%00%(upstream:remotename)%00%(upstream:remoteref) refs/heads/main refs/remotes/main [1ms]
2023-02-19 19:34:14.425 [info] > git status -z -uall [4ms]
2023-02-19 19:34:14.426 [info] > git for-each-ref --sort -committerdate --format %(refname) %(objectname) %(*objectname) [1ms]
2023-02-19 19:34:46.184 [info] > git config --get commit.template [1ms]
2023-02-19 19:34:46.191 [info] > git for-each-ref --format=%(refname)%00%(upstream:short)%00%(objectname)%00%(upstream:track)%00%(upstream:remotename)%00%(upstream:remoteref) refs/heads/main refs/remotes/main [1ms]
2023-02-19 19:34:46.201 [info] > git status -z -uall [5ms]
2023-02-19 19:34:46.202 [info] > git for-each-ref --sort -committerdate --format %(refname) %(objectname) %(*objectname) [1ms]
2023-02-19 19:48:14.020 [info] > git config --get commit.template [1ms]
2023-02-19 19:48:14.028 [info] > git for-each-ref --format=%(refname)%00%(upstream:short)%00%(objectname)%00%(upstream:track)%00%(upstream:remotename)%00%(upstream:remoteref) refs/heads/main refs/remotes/main [1ms]
2023-02-19 19:48:14.044 [info] > git status -z -uall [9ms]
2023-02-19 19:48:14.045 [info] > git for-each-ref --sort -committerdate --format %(refname) %(objectname) %(*objectname) [2ms]
2023-02-19 19:49:42.052 [info] > git config --get commit.template [1ms]
2023-02-19 19:49:42.058 [info] > git for-each-ref --format=%(refname)%00%(upstream:short)%00%(objectname)%00%(upstream:track)%00%(upstream:remotename)%00%(upstream:remoteref) refs/heads/main refs/remotes/main [1ms]
2023-02-19 19:49:42.069 [info] > git status -z -uall [6ms]
2023-02-19 19:49:42.070 [info] > git for-each-ref --sort -committerdate --format %(refname) %(objectname) %(*objectname) [1ms]
2023-02-19 19:49:48.134 [info] > git config --get commit.template [5ms]
2023-02-19 19:49:48.134 [info] > git for-each-ref --format=%(refname)%00%(upstream:short)%00%(objectname)%00%(upstream:track)%00%(upstream:remotename)%00%(upstream:remoteref) refs/heads/main refs/remotes/main [0ms]
2023-02-19 19:49:48.143 [info] > git status -z -uall [5ms]
2023-02-19 19:49:48.143 [info] > git for-each-ref --sort -committerdate --format %(refname) %(objectname) %(*objectname) [1ms]
2023-02-19 19:49:53.151 [info] > git config --get commit.template [1ms]
2023-02-19 19:49:53.156 [info] > git for-each-ref --format=%(refname)%00%(upstream:short)%00%(objectname)%00%(upstream:track)%00%(upstream:remotename)%00%(upstream:remoteref) refs/heads/main refs/remotes/main [1ms]
2023-02-19 19:49:53.167 [info] > git status -z -uall [7ms]
2023-02-19 19:49:53.167 [info] > git for-each-ref --sort -committerdate --format %(refname) %(objectname) %(*objectname) [1ms]
2023-02-19 19:49:58.176 [info] > git config --get commit.template [1ms]
2023-02-19 19:49:58.182 [info] > git for-each-ref --format=%(refname)%00%(upstream:short)%00%(objectname)%00%(upstream:track)%00%(upstream:remotename)%00%(upstream:remoteref) refs/heads/main refs/remotes/main [1ms]
2023-02-19 19:49:58.194 [info] > git status -z -uall [6ms]
2023-02-19 19:49:58.195 [info] > git for-each-ref --sort -committerdate --format %(refname) %(objectname) %(*objectname) [1ms]
2023-02-19 19:50:15.602 [info] > git config --get commit.template [3ms]
2023-02-19 19:50:15.603 [info] > git for-each-ref --format=%(refname)%00%(upstream:short)%00%(objectname)%00%(upstream:track)%00%(upstream:remotename)%00%(upstream:remoteref) refs/heads/main refs/remotes/main [1ms]
2023-02-19 19:50:15.609 [info] > git status -z -uall [4ms]
2023-02-19 19:50:15.609 [info] > git for-each-ref --sort -committerdate --format %(refname) %(objectname) %(*objectname) [1ms]
2023-02-19 19:50:55.839 [info] > git config --get commit.template [1ms]
2023-02-19 19:50:55.844 [info] > git for-each-ref --format=%(refname)%00%(upstream:short)%00%(objectname)%00%(upstream:track)%00%(upstream:remotename)%00%(upstream:remoteref) refs/heads/main refs/remotes/main [1ms]
2023-02-19 19:50:55.853 [info] > git status -z -uall [5ms]
2023-02-19 19:50:55.854 [info] > git for-each-ref --sort -committerdate --format %(refname) %(objectname) %(*objectname) [1ms]
2023-02-19 19:51:03.261 [info] > git config --get commit.template [1ms]
2023-02-19 19:51:03.268 [info] > git for-each-ref --format=%(refname)%00%(upstream:short)%00%(objectname)%00%(upstream:track)%00%(upstream:remotename)%00%(upstream:remoteref) refs/heads/main refs/remotes/main [0ms]
2023-02-19 19:51:03.276 [info] > git status -z -uall [5ms]
2023-02-19 19:51:03.276 [info] > git for-each-ref --sort -committerdate --format %(refname) %(objectname) %(*objectname) [0ms]
2023-02-19 19:51:09.017 [info] > git config --get commit.template [1ms]
2023-02-19 19:51:09.022 [info] > git for-each-ref --format=%(refname)%00%(upstream:short)%00%(objectname)%00%(upstream:track)%00%(upstream:remotename)%00%(upstream:remoteref) refs/heads/main refs/remotes/main [1ms]
2023-02-19 19:51:09.033 [info] > git status -z -uall [5ms]
2023-02-19 19:51:09.033 [info] > git for-each-ref --sort -committerdate --format %(refname) %(objectname) %(*objectname) [1ms]
2023-02-19 19:51:28.265 [info] > git config --get commit.template [1ms]
2023-02-19 19:51:28.270 [info] > git for-each-ref --format=%(refname)%00%(upstream:short)%00%(objectname)%00%(upstream:track)%00%(upstream:remotename)%00%(upstream:remoteref) refs/heads/main refs/remotes/main [0ms]
2023-02-19 19:51:28.282 [info] > git status -z -uall [6ms]
2023-02-19 19:51:28.282 [info] > git for-each-ref --sort -committerdate --format %(refname) %(objectname) %(*objectname) [1ms]
2023-02-19 19:52:11.871 [info] > git config --get commit.template [1ms]
2023-02-19 19:52:11.878 [info] > git for-each-ref --format=%(refname)%00%(upstream:short)%00%(objectname)%00%(upstream:track)%00%(upstream:remotename)%00%(upstream:remoteref) refs/heads/main refs/remotes/main [0ms]
2023-02-19 19:52:11.894 [info] > git status -z -uall [8ms]
2023-02-19 19:52:11.894 [info] > git for-each-ref --sort -committerdate --format %(refname) %(objectname) %(*objectname) [0ms]
2023-02-19 19:52:52.556 [info] > git config --get commit.template [4ms]
2023-02-19 19:52:52.556 [info] > git for-each-ref --format=%(refname)%00%(upstream:short)%00%(objectname)%00%(upstream:track)%00%(upstream:remotename)%00%(upstream:remoteref) refs/heads/main refs/remotes/main [1ms]
2023-02-19 19:52:52.562 [info] > git status -z -uall [4ms]
2023-02-19 19:52:52.563 [info] > git for-each-ref --sort -committerdate --format %(refname) %(objectname) %(*objectname) [1ms]
2023-02-19 19:53:27.762 [info] > git config --get commit.template [0ms]
2023-02-19 19:53:27.767 [info] > git for-each-ref --format=%(refname)%00%(upstream:short)%00%(objectname)%00%(upstream:track)%00%(upstream:remotename)%00%(upstream:remoteref) refs/heads/main refs/remotes/main [0ms]
2023-02-19 19:53:27.778 [info] > git status -z -uall [3ms]
2023-02-19 19:53:27.778 [info] > git for-each-ref --sort -committerdate --format %(refname) %(objectname) %(*objectname) [1ms]
2023-02-19 19:54:03.548 [info] > git config --get commit.template [1ms]
2023-02-19 19:54:03.554 [info] > git for-each-ref --format=%(refname)%00%(upstream:short)%00%(objectname)%00%(upstream:track)%00%(upstream:remotename)%00%(upstream:remoteref) refs/heads/main refs/remotes/main [1ms]
2023-02-19 19:54:03.564 [info] > git status -z -uall [6ms]
2023-02-19 19:54:03.564 [info] > git for-each-ref --sort -committerdate --format %(refname) %(objectname) %(*objectname) [0ms]
2023-02-19 19:56:11.639 [info] > git config --get commit.template [1ms]
2023-02-19 19:56:11.647 [info] > git for-each-ref --format=%(refname)%00%(upstream:short)%00%(objectname)%00%(upstream:track)%00%(upstream:remotename)%00%(upstream:remoteref) refs/heads/main refs/remotes/main [1ms]
2023-02-19 19:56:11.656 [info] > git status -z -uall [5ms]
2023-02-19 19:56:11.656 [info] > git for-each-ref --sort -committerdate --format %(refname) %(objectname) %(*objectname) [0ms]
2023-02-19 19:56:16.664 [info] > git config --get commit.template [0ms]
2023-02-19 19:56:16.670 [info] > git for-each-ref --format=%(refname)%00%(upstream:short)%00%(objectname)%00%(upstream:track)%00%(upstream:remotename)%00%(upstream:remoteref) refs/heads/main refs/remotes/main [0ms]
2023-02-19 19:56:16.680 [info] > git status -z -uall [5ms]
2023-02-19 19:56:16.681 [info] > git for-each-ref --sort -committerdate --format %(refname) %(objectname) %(*objectname) [1ms]
2023-02-19 19:56:26.965 [info] > git config --get commit.template [1ms]
2023-02-19 19:56:26.970 [info] > git for-each-ref --format=%(refname)%00%(upstream:short)%00%(objectname)%00%(upstream:track)%00%(upstream:remotename)%00%(upstream:remoteref) refs/heads/main refs/remotes/main [1ms]
2023-02-19 19:56:26.978 [info] > git status -z -uall [4ms]
2023-02-19 19:56:26.978 [info] > git for-each-ref --sort -committerdate --format %(refname) %(objectname) %(*objectname) [0ms]
2023-02-19 19:57:53.439 [info] > git config --get commit.template [1ms]
2023-02-19 19:57:53.445 [info] > git for-each-ref --format=%(refname)%00%(upstream:short)%00%(objectname)%00%(upstream:track)%00%(upstream:remotename)%00%(upstream:remoteref) refs/heads/main refs/remotes/main [1ms]
2023-02-19 19:57:53.456 [info] > git status -z -uall [5ms]
2023-02-19 19:57:53.457 [info] > git for-each-ref --sort -committerdate --format %(refname) %(objectname) %(*objectname) [1ms]
2023-02-19 19:58:51.769 [info] > git config --get commit.template [1ms]
2023-02-19 19:58:51.776 [info] > git for-each-ref --format=%(refname)%00%(upstream:short)%00%(objectname)%00%(upstream:track)%00%(upstream:remotename)%00%(upstream:remoteref) refs/heads/main refs/remotes/main [1ms]
2023-02-19 19:58:51.792 [info] > git status -z -uall [7ms]
2023-02-19 19:58:51.792 [info] > git for-each-ref --sort -committerdate --format %(refname) %(objectname) %(*objectname) [1ms]
2023-02-19 20:00:04.144 [info] > git config --get commit.template [1ms]
2023-02-19 20:00:04.149 [info] > git for-each-ref --format=%(refname)%00%(upstream:short)%00%(objectname)%00%(upstream:track)%00%(upstream:remotename)%00%(upstream:remoteref) refs/heads/main refs/remotes/main [0ms]
2023-02-19 20:00:04.163 [info] > git status -z -uall [8ms]
2023-02-19 20:00:04.163 [info] > git for-each-ref --sort -committerdate --format %(refname) %(objectname) %(*objectname) [1ms]
2023-02-19 20:00:30.619 [info] > git config --get commit.template [1ms]
2023-02-19 20:00:30.625 [info] > git for-each-ref --format=%(refname)%00%(upstream:short)%00%(objectname)%00%(upstream:track)%00%(upstream:remotename)%00%(upstream:remoteref) refs/heads/main refs/remotes/main [0ms]
2023-02-19 20:00:30.636 [info] > git status -z -uall [5ms]
2023-02-19 20:00:30.636 [info] > git for-each-ref --sort -committerdate --format %(refname) %(objectname) %(*objectname) [1ms]
2023-02-19 20:00:35.650 [info] > git config --get commit.template [6ms]
2023-02-19 20:00:35.650 [info] > git for-each-ref --format=%(refname)%00%(upstream:short)%00%(objectname)%00%(upstream:track)%00%(upstream:remotename)%00%(upstream:remoteref) refs/heads/main refs/remotes/main [0ms]
2023-02-19 20:00:35.659 [info] > git status -z -uall [5ms]
2023-02-19 20:00:35.660 [info] > git for-each-ref --sort -committerdate --format %(refname) %(objectname) %(*objectname) [1ms]
2023-02-19 20:01:11.394 [info] > git config --get commit.template [1ms]
2023-02-19 20:01:11.401 [info] > git for-each-ref --format=%(refname)%00%(upstream:short)%00%(objectname)%00%(upstream:track)%00%(upstream:remotename)%00%(upstream:remoteref) refs/heads/main refs/remotes/main [1ms]
2023-02-19 20:01:11.415 [info] > git status -z -uall [8ms]
2023-02-19 20:01:11.415 [info] > git for-each-ref --sort -committerdate --format %(refname) %(objectname) %(*objectname) [1ms]
2023-02-19 20:01:16.428 [info] > git config --get commit.template [5ms]
2023-02-19 20:01:16.429 [info] > git for-each-ref --format=%(refname)%00%(upstream:short)%00%(objectname)%00%(upstream:track)%00%(upstream:remotename)%00%(upstream:remoteref) refs/heads/main refs/remotes/main [1ms]
2023-02-19 20:01:16.440 [info] > git status -z -uall [6ms]
2023-02-19 20:01:16.441 [info] > git for-each-ref --sort -committerdate --format %(refname) %(objectname) %(*objectname) [0ms]
2023-02-19 20:01:22.904 [info] > git config --get commit.template [1ms]
2023-02-19 20:01:22.910 [info] > git for-each-ref --format=%(refname)%00%(upstream:short)%00%(objectname)%00%(upstream:track)%00%(upstream:remotename)%00%(upstream:remoteref) refs/heads/main refs/remotes/main [1ms]
2023-02-19 20:01:22.922 [info] > git status -z -uall [7ms]
2023-02-19 20:01:22.922 [info] > git for-each-ref --sort -committerdate --format %(refname) %(objectname) %(*objectname) [1ms]
2023-02-19 20:01:29.258 [info] > git config --get commit.template [1ms]
2023-02-19 20:01:29.264 [info] > git for-each-ref --format=%(refname)%00%(upstream:short)%00%(objectname)%00%(upstream:track)%00%(upstream:remotename)%00%(upstream:remoteref) refs/heads/main refs/remotes/main [0ms]
2023-02-19 20:01:29.275 [info] > git status -z -uall [6ms]
2023-02-19 20:01:29.276 [info] > git for-each-ref --sort -committerdate --format %(refname) %(objectname) %(*objectname) [1ms]
2023-02-19 20:01:34.285 [info] > git config --get commit.template [0ms]
2023-02-19 20:01:34.290 [info] > git for-each-ref --format=%(refname)%00%(upstream:short)%00%(objectname)%00%(upstream:track)%00%(upstream:remotename)%00%(upstream:remoteref) refs/heads/main refs/remotes/main [0ms]
2023-02-19 20:01:34.297 [info] > git status -z -uall [3ms]
2023-02-19 20:01:34.298 [info] > git for-each-ref --sort -committerdate --format %(refname) %(objectname) %(*objectname) [0ms]
2023-02-19 20:01:39.987 [info] > git config --get commit.template [5ms]
2023-02-19 20:01:39.988 [info] > git for-each-ref --format=%(refname)%00%(upstream:short)%00%(objectname)%00%(upstream:track)%00%(upstream:remotename)%00%(upstream:remoteref) refs/heads/main refs/remotes/main [1ms]
2023-02-19 20:01:39.995 [info] > git status -z -uall [3ms]
2023-02-19 20:01:39.996 [info] > git for-each-ref --sort -committerdate --format %(refname) %(objectname) %(*objectname) [1ms]
2023-02-19 20:03:16.497 [info] > git config --get commit.template [1ms]
2023-02-19 20:03:16.503 [info] > git for-each-ref --format=%(refname)%00%(upstream:short)%00%(objectname)%00%(upstream:track)%00%(upstream:remotename)%00%(upstream:remoteref) refs/heads/main refs/remotes/main [0ms]
2023-02-19 20:03:16.510 [info] > git status -z -uall [4ms]
2023-02-19 20:03:16.510 [info] > git for-each-ref --sort -committerdate --format %(refname) %(objectname) %(*objectname) [1ms]
2023-02-19 20:03:45.271 [info] > git config --get commit.template [1ms]
2023-02-19 20:03:45.277 [info] > git for-each-ref --format=%(refname)%00%(upstream:short)%00%(objectname)%00%(upstream:track)%00%(upstream:remotename)%00%(upstream:remoteref) refs/heads/main refs/remotes/main [1ms]
2023-02-19 20:03:45.286 [info] > git status -z -uall [5ms]
2023-02-19 20:03:45.286 [info] > git for-each-ref --sort -committerdate --format %(refname) %(objectname) %(*objectname) [0ms]
2023-02-19 20:04:03.170 [info] > git config --get commit.template [0ms]
2023-02-19 20:04:03.176 [info] > git for-each-ref --format=%(refname)%00%(upstream:short)%00%(objectname)%00%(upstream:track)%00%(upstream:remotename)%00%(upstream:remoteref) refs/heads/main refs/remotes/main [1ms]
2023-02-19 20:04:03.184 [info] > git status -z -uall [4ms]
2023-02-19 20:04:03.185 [info] > git for-each-ref --sort -committerdate --format %(refname) %(objectname) %(*objectname) [1ms]
2023-02-19 20:04:10.958 [info] > git config --get commit.template [1ms]
2023-02-19 20:04:10.965 [info] > git for-each-ref --format=%(refname)%00%(upstream:short)%00%(objectname)%00%(upstream:track)%00%(upstream:remotename)%00%(upstream:remoteref) refs/heads/main refs/remotes/main [1ms]
2023-02-19 20:04:10.977 [info] > git status -z -uall [6ms]
2023-02-19 20:04:10.977 [info] > git for-each-ref --sort -committerdate --format %(refname) %(objectname) %(*objectname) [0ms]
2023-02-19 20:04:19.608 [info] > git config --get commit.template [1ms]
2023-02-19 20:04:19.615 [info] > git for-each-ref --format=%(refname)%00%(upstream:short)%00%(objectname)%00%(upstream:track)%00%(upstream:remotename)%00%(upstream:remoteref) refs/heads/main refs/remotes/main [1ms]
2023-02-19 20:04:19.623 [info] > git status -z -uall [3ms]
2023-02-19 20:04:19.624 [info] > git for-each-ref --sort -committerdate --format %(refname) %(objectname) %(*objectname) [1ms]
2023-02-19 20:04:27.166 [info] > git config --get commit.template [3ms]
2023-02-19 20:04:27.167 [info] > git for-each-ref --format=%(refname)%00%(upstream:short)%00%(objectname)%00%(upstream:track)%00%(upstream:remotename)%00%(upstream:remoteref) refs/heads/main refs/remotes/main [1ms]
2023-02-19 20:04:27.173 [info] > git status -z -uall [4ms]
2023-02-19 20:04:27.173 [info] > git for-each-ref --sort -committerdate --format %(refname) %(objectname) %(*objectname) [0ms]
2023-02-19 20:04:33.586 [info] > git show --textconv :src/pages/index.astro [4ms]
2023-02-19 20:04:33.586 [info] > git ls-files --stage -- /home/aarni/huhuu-dev/src/pages/index.astro [1ms]
2023-02-19 20:04:33.591 [info] > git cat-file -s 5a59938bf487fecde204e8889759d6abd219f24f [1ms]
2023-02-19 20:05:26.793 [info] > git show --textconv :dist/index.html [6ms]
2023-02-19 20:05:26.793 [info] > git ls-files --stage -- /home/aarni/huhuu-dev/dist/index.html [1ms]
2023-02-19 20:05:44.637 [info] Log level: Info
2023-02-19 20:05:44.637 [info] Validating found git in: "git"
2023-02-19 20:05:44.637 [info] Using git "2.39.2" from "git"
2023-02-19 20:05:44.637 [info] > git rev-parse --show-toplevel [1ms]
2023-02-19 20:05:44.637 [info] > git rev-parse --git-dir --git-common-dir [4ms]
2023-02-19 20:05:44.637 [info] Open repository: /home/aarni/huhuu-dev
2023-02-19 20:05:44.637 [info] > git rev-parse --show-toplevel [8ms]
2023-02-19 20:05:44.637 [info] > git rev-parse --show-toplevel [4ms]
2023-02-19 20:05:44.637 [info] > git config --get commit.template [11ms]
2023-02-19 20:05:44.637 [info] > git rev-parse --show-toplevel [1ms]
2023-02-19 20:05:44.637 [info] > git rev-parse --show-toplevel [3ms]
2023-02-19 20:05:44.637 [info] > git for-each-ref --format=%(refname)%00%(upstream:short)%00%(objectname)%00%(upstream:track)%00%(upstream:remotename)%00%(upstream:remoteref) refs/heads/main refs/remotes/main [2ms]
2023-02-19 20:05:44.637 [info] > git status -z -uall [4ms]
2023-02-19 20:05:44.637 [info] > git rev-parse --show-toplevel [7ms]
2023-02-19 20:05:44.637 [info] > git for-each-ref --sort -committerdate --format %(refname) %(objectname) %(*objectname) [4ms]
2023-02-19 20:05:44.637 [info] > git rev-parse --show-toplevel [9ms]
2023-02-19 20:05:44.637 [info] > git config --get commit.template [1ms]
2023-02-19 20:05:44.637 [info] > git for-each-ref --format=%(refname)%00%(upstream:short)%00%(objectname)%00%(upstream:track)%00%(upstream:remotename)%00%(upstream:remoteref) refs/heads/main refs/remotes/main [1ms]
2023-02-19 20:05:44.637 [info] > git status -z -uall [4ms]
2023-02-19 20:05:44.637 [info] > git for-each-ref --sort -committerdate --format %(refname) %(objectname) %(*objectname) [116ms]
2023-02-19 20:05:44.637 [info] > git check-ignore -v -z --stdin [1ms]
2023-02-19 20:05:45.234 [info] > git show --textconv :dist/index.html [5ms]
2023-02-19 20:05:45.236 [info] > git ls-files --stage -- /home/aarni/huhuu-dev/dist/index.html [2ms]
2023-02-19 20:06:47.001 [info] > git check-ignore -v -z --stdin [0ms]
2023-02-19 20:06:51.216 [info] > git config --get commit.template [1ms]
2023-02-19 20:06:51.224 [info] > git for-each-ref --format=%(refname)%00%(upstream:short)%00%(objectname)%00%(upstream:track)%00%(upstream:remotename)%00%(upstream:remoteref) refs/heads/main refs/remotes/main [0ms]
2023-02-19 20:06:51.237 [info] > git status -z -uall [7ms]
2023-02-19 20:06:51.238 [info] > git for-each-ref --sort -committerdate --format %(refname) %(objectname) %(*objectname) [1ms]
2023-02-19 20:06:56.251 [info] > git config --get commit.template [5ms]
2023-02-19 20:06:56.252 [info] > git for-each-ref --format=%(refname)%00%(upstream:short)%00%(objectname)%00%(upstream:track)%00%(upstream:remotename)%00%(upstream:remoteref) refs/heads/main refs/remotes/main [1ms]
2023-02-19 20:06:56.262 [info] > git status -z -uall [5ms]
2023-02-19 20:06:56.262 [info] > git for-each-ref --sort -committerdate --format %(refname) %(objectname) %(*objectname) [1ms]
2023-02-19 20:06:57.864 [info] > git show --textconv :src/components/Posts.astro [7ms]
2023-02-19 20:06:57.865 [info] > git ls-files --stage -- /home/aarni/huhuu-dev/src/components/Posts.astro [2ms]
2023-02-19 20:06:57.870 [info] > git cat-file -s 0cc08dab35618ae773f1cf9e595c1ae1e70b6510 [1ms]
2023-02-19 20:06:59.615 [info] > git show --textconv :src/pages/index.astro [8ms]
2023-02-19 20:06:59.615 [info] > git ls-files --stage -- /home/aarni/huhuu-dev/src/pages/index.astro [1ms]
2023-02-19 20:06:59.624 [info] > git cat-file -s 5a59938bf487fecde204e8889759d6abd219f24f [2ms]
2023-02-19 20:07:07.535 [info] > git show --textconv :src/pages/news/index.astro [7ms]
2023-02-19 20:07:07.536 [info] > git ls-files --stage -- /home/aarni/huhuu-dev/src/pages/news/index.astro [1ms]
2023-02-19 20:07:07.543 [info] > git cat-file -s 6a88861648eeef1cb9f26c32d14a1ae28e87acd3 [1ms]
2023-02-19 20:07:09.343 [info] > git show --textconv :src/layouts/Layout.astro [13ms]
2023-02-19 20:07:09.344 [info] > git ls-files --stage -- /home/aarni/huhuu-dev/src/layouts/Layout.astro [7ms]
2023-02-19 20:07:09.352 [info] > git cat-file -s d6e598d3725034249c4a5dc7d7edef99d07e1c45 [2ms]
2023-02-19 20:52:33.356 [info] > git show --textconv :src/layouts/NewsLayout.astro [5ms]
2023-02-19 20:52:33.357 [info] > git ls-files --stage -- /home/aarni/huhuu-dev/src/layouts/NewsLayout.astro [1ms]
2023-02-19 20:52:33.363 [info] > git cat-file -s 3ae45c91a21582af02f9fcaad14c7f128f5f8f56 [0ms]
