2023-02-21 11:32:23.543 [info] Log level: Info
2023-02-21 11:32:23.543 [info] Validating found git in: "git"
2023-02-21 11:32:23.543 [info] Using git "2.39.2" from "git"
2023-02-21 11:32:23.543 [info] > git rev-parse --show-toplevel [2ms]
2023-02-21 11:32:23.543 [info] > git rev-parse --git-dir --git-common-dir [0ms]
2023-02-21 11:32:23.543 [info] Open repository: /home/aarni/huhuu-dev
2023-02-21 11:32:23.543 [info] > git rev-parse --show-toplevel [3ms]
2023-02-21 11:32:23.543 [info] > git config --get commit.template [3ms]
2023-02-21 11:32:23.543 [info] > git rev-parse --show-toplevel [4ms]
2023-02-21 11:32:23.543 [info] > git rev-parse --show-toplevel [0ms]
2023-02-21 11:32:23.543 [info] > git for-each-ref --format=%(refname)%00%(upstream:short)%00%(objectname)%00%(upstream:track)%00%(upstream:remotename)%00%(upstream:remoteref) refs/heads/main refs/remotes/main [6ms]
2023-02-21 11:32:23.543 [info] > git status -z -uall [8ms]
2023-02-21 11:32:23.543 [info] > git for-each-ref --sort -committerdate --format %(refname) %(objectname) %(*objectname) [4ms]
2023-02-21 11:32:23.543 [info] > git rev-parse --show-toplevel [15ms]
2023-02-21 11:32:23.543 [info] > git rev-parse --show-toplevel [6ms]
2023-02-21 11:32:23.543 [info] > git rev-parse --show-toplevel [3ms]
2023-02-21 11:32:23.543 [info] > git config --get commit.template [7ms]
2023-02-21 11:32:23.543 [info] > git for-each-ref --format=%(refname)%00%(upstream:short)%00%(objectname)%00%(upstream:track)%00%(upstream:remotename)%00%(upstream:remoteref) refs/heads/main refs/remotes/main [170ms]
2023-02-21 11:32:23.543 [info] > git status -z -uall [78ms]
2023-02-21 11:32:23.543 [info] > git for-each-ref --sort -committerdate --format %(refname) %(objectname) %(*objectname) [79ms]
2023-02-21 11:32:23.769 [info] > git check-ignore -v -z --stdin [0ms]
2023-02-21 11:32:24.332 [info] > git show --textconv :src/components/Navigation.astro [5ms]
2023-02-21 11:32:24.332 [info] > git ls-files --stage -- /home/aarni/huhuu-dev/src/components/Navigation.astro [1ms]
2023-02-21 11:32:24.337 [info] > git cat-file -s 60b5c024b02c52df03570e2f5d6ec6b33953c032 [1ms]
2023-02-21 11:32:28.333 [info] > git show --textconv HEAD:astro.config.mjs [7ms]
2023-02-21 11:32:28.333 [info] > git ls-tree -l HEAD -- /home/aarni/huhuu-dev/astro.config.mjs [2ms]
2023-02-21 11:32:31.716 [info] > git show --textconv HEAD:tsconfig.json [7ms]
2023-02-21 11:32:31.716 [info] > git ls-tree -l HEAD -- /home/aarni/huhuu-dev/tsconfig.json [1ms]
2023-02-21 11:32:37.589 [info] > git show --textconv HEAD:src/components/Footer2.astro [7ms]
2023-02-21 11:32:37.589 [info] > git ls-tree -l HEAD -- /home/aarni/huhuu-dev/src/components/Footer2.astro [1ms]
2023-02-21 11:32:45.815 [info] > git show --textconv HEAD:src/components/Header.astro [6ms]
2023-02-21 11:32:45.815 [info] > git ls-tree -l HEAD -- /home/aarni/huhuu-dev/src/components/Header.astro [1ms]
2023-02-21 11:32:46.781 [info] > git show --textconv HEAD:src/components/Navigation.astro [1ms]
2023-02-21 11:32:46.790 [info] > git ls-tree -l HEAD -- /home/aarni/huhuu-dev/src/components/Navigation.astro [1ms]
2023-02-21 11:32:52.543 [info] > git show --textconv HEAD:src/layouts/Layout.astro [11ms]
2023-02-21 11:32:52.543 [info] > git ls-tree -l HEAD -- /home/aarni/huhuu-dev/src/layouts/Layout.astro [1ms]
2023-02-21 11:32:56.714 [info] > git show --textconv HEAD:src/layouts/NewsLayout.astro [5ms]
2023-02-21 11:32:56.715 [info] > git ls-tree -l HEAD -- /home/aarni/huhuu-dev/src/layouts/NewsLayout.astro [1ms]
2023-02-21 11:33:02.083 [info] > git ls-tree -l HEAD -- /home/aarni/huhuu-dev/src/layouts/NewsLayout.astro [1ms]
2023-02-21 11:33:02.787 [info] > git checkout -q -- /home/aarni/huhuu-dev/astro.config.mjs /home/aarni/huhuu-dev/src/components/Footer2.astro /home/aarni/huhuu-dev/src/components/Header.astro /home/aarni/huhuu-dev/src/components/Navigation.astro /home/aarni/huhuu-dev/src/layouts/Layout.astro /home/aarni/huhuu-dev/src/layouts/NewsLayout.astro /home/aarni/huhuu-dev/tsconfig.json [6ms]
2023-02-21 11:33:02.794 [info] > git ls-tree -l HEAD -- /home/aarni/huhuu-dev/src/layouts/NewsLayout.astro [8ms]
2023-02-21 11:33:02.796 [info] > git config --get commit.template [1ms]
2023-02-21 11:33:02.802 [info] > git for-each-ref --format=%(refname)%00%(upstream:short)%00%(objectname)%00%(upstream:track)%00%(upstream:remotename)%00%(upstream:remoteref) refs/heads/main refs/remotes/main [1ms]
2023-02-21 11:33:02.813 [info] > git status -z -uall [5ms]
2023-02-21 11:33:02.813 [info] > git for-each-ref --sort -committerdate --format %(refname) %(objectname) %(*objectname) [1ms]
2023-02-21 11:33:03.870 [info] > git config --get commit.template [0ms]
2023-02-21 11:33:03.876 [info] > git for-each-ref --format=%(refname)%00%(upstream:short)%00%(objectname)%00%(upstream:track)%00%(upstream:remotename)%00%(upstream:remoteref) refs/heads/main refs/remotes/main [0ms]
2023-02-21 11:33:03.889 [info] > git status -z -uall [7ms]
2023-02-21 11:33:03.889 [info] > git for-each-ref --sort -committerdate --format %(refname) %(objectname) %(*objectname) [1ms]
2023-02-21 11:33:03.980 [info] > git ls-tree -l HEAD -- /home/aarni/huhuu-dev/src/layouts/Layout.astro [6ms]
2023-02-21 11:33:03.980 [info] > git ls-files --stage -- /home/aarni/huhuu-dev/src/components/Navigation.astro [11ms]
2023-02-21 11:33:03.986 [info] > git cat-file -s 60b5c024b02c52df03570e2f5d6ec6b33953c032 [1ms]
2023-02-21 11:33:03.986 [info] > git ls-tree -l HEAD -- /home/aarni/huhuu-dev/src/layouts/NewsLayout.astro [7ms]
2023-02-21 11:33:04.005 [info] > git show --textconv HEAD:src/layouts/Layout.astro [14ms]
2023-02-21 11:33:04.005 [info] > git show --textconv :src/components/Navigation.astro [7ms]
2023-02-21 11:33:04.005 [info] > git show --textconv HEAD:src/layouts/NewsLayout.astro [1ms]
2023-02-21 11:33:08.901 [info] > git config --get commit.template [1ms]
2023-02-21 11:33:08.907 [info] > git for-each-ref --format=%(refname)%00%(upstream:short)%00%(objectname)%00%(upstream:track)%00%(upstream:remotename)%00%(upstream:remoteref) refs/heads/main refs/remotes/main [1ms]
2023-02-21 11:33:08.917 [info] > git status -z -uall [6ms]
2023-02-21 11:33:08.917 [info] > git for-each-ref --sort -committerdate --format %(refname) %(objectname) %(*objectname) [0ms]
